Log file open, 12/10/19 14:15:33
LogWindows: Failed to load 'aqProf.dll' (GetLastError=126)
LogWindows: File 'aqProf.dll' does not exist
LogWindows: Failed to load 'VtuneApi.dll' (GetLastError=126)
LogWindows: File 'VtuneApi.dll' does not exist
LogWindows: Failed to load 'VtuneApi32e.dll' (GetLastError=126)
LogWindows: File 'VtuneApi32e.dll' does not exist
LogConsoleResponse: Display: Failed to find resolution value strings in scalability ini. Falling back to default.
LogInit: Display: Running engine for game: UnrealFinalProject
LogPlatformFile: Not using cached read wrapper
LogTaskGraph: Started task graph with 5 named threads and 35 total threads with 3 sets of task threads.
LogStats: Stats thread started at 0.059599
LogD3D11RHI: Loaded GFSDK_Aftermath_Lib.x64.dll
LogICUInternationalization: ICU TimeZone Detection - Raw Offset: +1:00, Platform Override: ''
LogPluginManager: Mounting plugin Paper2D
LogPluginManager: Mounting plugin AISupport
LogPluginManager: Mounting plugin LightPropagationVolume
LogPluginManager: Mounting plugin ActorLayerUtilities
LogPluginManager: Mounting plugin AnimationSharing
LogPluginManager: Mounting plugin CLionSourceCodeAccess
LogPluginManager: Mounting plugin CodeLiteSourceCodeAccess
LogPluginManager: Mounting plugin GitSourceControl
LogPluginManager: Mounting plugin KDevelopSourceCodeAccess
LogPluginManager: Mounting plugin NullSourceCodeAccess
LogPluginManager: Mounting plugin PerforceSourceControl
LogPluginManager: Mounting plugin SubversionSourceControl
LogPluginManager: Mounting plugin UObjectPlugin
LogPluginManager: Mounting plugin VisualStudioCodeSourceCodeAccess
LogPluginManager: Mounting plugin VisualStudioSourceCodeAccess
LogPluginManager: Mounting plugin XCodeSourceCodeAccess
LogPluginManager: Mounting plugin AssetManagerEditor
LogPluginManager: Mounting plugin CryptoKeys
LogPluginManager: Mounting plugin CurveEditorTools
LogPluginManager: Mounting plugin DataValidation
LogPluginManager: Mounting plugin FacialAnimation
LogPluginManager: Mounting plugin GameplayTagsEditor
LogPluginManager: Mounting plugin MacGraphicsSwitching
LogPluginManager: Mounting plugin MaterialAnalyzer
LogPluginManager: Mounting plugin MobileLauncherProfileWizard
LogPluginManager: Mounting plugin PluginBrowser
LogPluginManager: Mounting plugin SpeedTreeImporter
LogPluginManager: Mounting plugin DatasmithContent
LogPluginManager: Mounting plugin VariantManagerContent
LogPluginManager: Mounting plugin AlembicImporter
LogPluginManager: Mounting plugin AutomationUtils
LogPluginManager: Mounting plugin BackChannel
LogPluginManager: Mounting plugin CharacterAI
LogPluginManager: Mounting plugin GeometryCache
LogPluginManager: Mounting plugin HTML5Networking
LogPluginManager: Mounting plugin PlatformCrypto
LogPluginManager: Mounting plugin ProxyLODPlugin
LogPluginManager: Mounting plugin SkeletalReduction
LogPluginManager: Mounting plugin MagicLeap
LogPluginManager: Mounting plugin MagicLeapMedia
LogPluginManager: Mounting plugin AndroidMedia
LogPluginManager: Mounting plugin AvfMedia
LogPluginManager: Mounting plugin ImgMedia
LogPluginManager: Mounting plugin MediaCompositing
LogPluginManager: Mounting plugin MediaPlayerEditor
LogPluginManager: Mounting plugin WebMMedia
LogPluginManager: Mounting plugin WmfMedia
LogPluginManager: Mounting plugin TcpMessaging
LogPluginManager: Mounting plugin UdpMessaging
LogPluginManager: Mounting plugin ActorSequence
LogPluginManager: Mounting plugin LevelSequenceEditor
LogPluginManager: Mounting plugin MatineeToLevelSequence
LogPluginManager: Mounting plugin NetcodeUnitTest
LogPluginManager: Mounting plugin NUTUnrealEngine4
LogPluginManager: Mounting plugin OnlineSubsystemGooglePlay
LogPluginManager: Mounting plugin OnlineSubsystemIOS
LogPluginManager: Mounting plugin OnlineSubsystem
LogPluginManager: Mounting plugin OnlineSubsystemNull
LogPluginManager: Mounting plugin OnlineSubsystemUtils
LogPluginManager: Mounting plugin LauncherChunkInstaller
LogPluginManager: Mounting plugin AndroidDeviceProfileSelector
LogPluginManager: Mounting plugin AndroidMoviePlayer
LogPluginManager: Mounting plugin AndroidPermission
LogPluginManager: Mounting plugin AppleImageUtils
LogPluginManager: Mounting plugin AppleMoviePlayer
LogPluginManager: Mounting plugin ArchVisCharacter
LogPluginManager: Mounting plugin AudioCapture
LogPluginManager: Mounting plugin CableComponent
LogPluginManager: Mounting plugin CustomMeshComponent
LogPluginManager: Mounting plugin EditableMesh
LogPluginManager: Mounting plugin ExampleDeviceProfileSelector
LogPluginManager: Mounting plugin GoogleCloudMessaging
LogPluginManager: Mounting plugin IOSDeviceProfileSelector
LogPluginManager: Mounting plugin LinuxDeviceProfileSelector
LogPluginManager: Mounting plugin LocationServicesBPLibrary
LogPluginManager: Mounting plugin MobilePatchingUtils
LogPluginManager: Mounting plugin OculusVR
LogPluginManager: Mounting plugin PhysXVehicles
LogPluginManager: Mounting plugin ProceduralMeshComponent
LogPluginManager: Mounting plugin RuntimePhysXCooking
LogPluginManager: Mounting plugin SignificanceManager
LogPluginManager: Mounting plugin SteamVR
LogPluginManager: Mounting plugin WebMMoviePlayer
LogPluginManager: Mounting plugin WindowsMoviePlayer
LogPluginManager: Mounting plugin ScreenshotTools
LogInit: Using libcurl 7.55.1-DEV
LogInit:  - built for x86_64-pc-win32
LogInit:  - supports SSL with OpenSSL/1.1.1
LogInit:  - supports HTTP deflate (compression) using libz 1.2.8
LogInit:  - other features:
LogInit:      CURL_VERSION_SSL
LogInit:      CURL_VERSION_LIBZ
LogInit:      CURL_VERSION_IPV6
LogInit:      CURL_VERSION_ASYNCHDNS
LogInit:      CURL_VERSION_LARGEFILE
LogInit:      CURL_VERSION_IDN
LogInit:  CurlRequestOptions (configurable via config and command line):
LogInit:  - bVerifyPeer = true  - Libcurl will verify peer certificate
LogInit:  - bUseHttpProxy = false  - Libcurl will NOT use HTTP proxy
LogInit:  - bDontReuseConnections = false  - Libcurl will reuse connections
LogInit:  - MaxHostConnections = 16  - Libcurl will limit the number of connections to a host
LogInit:  - LocalHostAddr = Default
LogInit:  - BufferSize = 65536
LogOnline: OSS: Creating online subsystem instance for: NULL
LogInit: WinSock: version 1.1 (2.2), MaxSocks=32767, MaxUdp=65467
LogInit: Build: ++UE4+Release-4.23-CL-8386587
LogInit: Engine Version: 4.23.0-8386587+++UE4+Release-4.23
LogInit: Compatible Engine Version: 4.23.0-8386587+++UE4+Release-4.23
LogInit: Net CL: 8386587
LogInit: OS: Windows 10 (Release 1903) (), CPU: Intel(R) Core(TM) i7-8750H CPU @ 2.20GHz, GPU: Intel(R) UHD Graphics 630
LogInit: Compiled (64-bit): Aug 31 2019 02:04:44
LogInit: Compiled with Visual C++: 19.16.27030.01
LogInit: Build Configuration: Development
LogInit: Branch Name: ++UE4+Release-4.23
LogInit: Command Line: 
LogInit: Base Directory: D:/unreal 4.23/UE_4.23/Engine/Binaries/Win64/
LogInit: Installed Engine Build: 1
LogDevObjectVersion: Number of dev versions registered: 23
LogDevObjectVersion:   Dev-Blueprints (B0D832E4-1F89-4F0D-ACCF-7EB736FD4AA2): 10
LogDevObjectVersion:   Dev-Build (E1C64328-A22C-4D53-A36C-8E866417BD8C): 0
LogDevObjectVersion:   Dev-Core (375EC13C-06E4-48FB-B500-84F0262A717E): 3
LogDevObjectVersion:   Dev-Editor (E4B068ED-F494-42E9-A231-DA0B2E46BB41): 34
LogDevObjectVersion:   Dev-Framework (CFFC743F-43B0-4480-9391-14DF171D2073): 35
LogDevObjectVersion:   Dev-Mobile (B02B49B5-BB20-44E9-A304-32B752E40360): 2
LogDevObjectVersion:   Dev-Networking (A4E4105C-59A1-49B5-A7C5-40C4547EDFEE): 0
LogDevObjectVersion:   Dev-Online (39C831C9-5AE6-47DC-9A44-9C173E1C8E7C): 0
LogDevObjectVersion:   Dev-Physics (78F01B33-EBEA-4F98-B9B4-84EACCB95AA2): 0
LogDevObjectVersion:   Dev-Platform (6631380F-2D4D-43E0-8009-CF276956A95A): 0
LogDevObjectVersion:   Dev-Rendering (12F88B9F-8875-4AFC-A67C-D90C383ABD29): 31
LogDevObjectVersion:   Dev-Sequencer (7B5AE74C-D270-4C10-A958-57980B212A5A): 11
LogDevObjectVersion:   Dev-VR (D7296918-1DD6-4BDD-9DE2-64A83CC13884): 2
LogDevObjectVersion:   Dev-LoadTimes (C2A15278-BFE7-4AFE-6C17-90FF531DF755): 1
LogDevObjectVersion:   Private-Geometry (6EACA3D4-40EC-4CC1-B786-8BED09428FC5): 3
LogDevObjectVersion:   Dev-AnimPhys (29E575DD-E0A3-4627-9D10-D276232CDCEA): 17
LogDevObjectVersion:   Dev-Anim (AF43A65D-7FD3-4947-9873-3E8ED9C1BB05): 2
LogDevObjectVersion:   Dev-ReflectionCapture (6B266CEC-1EC7-4B8F-A30B-E4D90942FC07): 1
LogDevObjectVersion:   Dev-Automation (0DF73D61-A23F-47EA-B727-89E90C41499A): 1
LogDevObjectVersion:   FortniteMain (601D1886-AC64-4F84-AA16-D3DE0DEAC7D6): 27
LogDevObjectVersion:   Dev-Enterprise (9DFFBCD6-494F-0158-E221-12823C92A888): 6
LogDevObjectVersion:   Dev-Niagara (F2AED0AC-9AFE-416F-8664-AA7FFA26D6FC): 1
LogDevObjectVersion:   Dev-Destruction (174F1F0B-B4C6-45A5-B13F-2EE8D0FB917D): 9
LogInit: Presizing for max 16777216 objects, including 0 objects not considered by GC, pre-allocating 0 bytes for permanent pool.
LogInit: Object subsystem initialized
LogConfig: Setting CVar [[con.DebugEarlyDefault:1]]
LogConfig: Setting CVar [[r.setres:1280x720]]
[2019.12.10-13.15.33:296][  0]LogConfig: Setting CVar [[r.VSync:0]]
[2019.12.10-13.15.33:296][  0]LogConfig: Setting CVar [[r.RHICmdBypass:0]]
[2019.12.10-13.15.33:296][  0]LogConfig: Applying CVar settings from Section [/Script/Engine.RendererSettings] File [D:/PojectUnreal/PLUSIEURS/FATUnreal/UnrealFinalProject/Saved/Config/Windows/Engine.ini]
[2019.12.10-13.15.33:296][  0]LogConfig: Setting CVar [[r.GPUCrashDebugging:0]]
[2019.12.10-13.15.33:296][  0]LogConfig: Applying CVar settings from Section [/Script/Engine.RendererOverrideSettings] File [D:/PojectUnreal/PLUSIEURS/FATUnreal/UnrealFinalProject/Saved/Config/Windows/Engine.ini]
[2019.12.10-13.15.33:296][  0]LogConfig: Applying CVar settings from Section [/Script/Engine.StreamingSettings] File [D:/PojectUnreal/PLUSIEURS/FATUnreal/UnrealFinalProject/Saved/Config/Windows/Engine.ini]
[2019.12.10-13.15.33:296][  0]LogConfig: Setting CVar [[s.MinBulkDataSizeForAsyncLoading:131072]]
[2019.12.10-13.15.33:296][  0]LogConfig: Setting CVar [[s.AsyncLoadingThreadEnabled:0]]
[2019.12.10-13.15.33:296][  0]LogConfig: Setting CVar [[s.EventDrivenLoaderEnabled:1]]
[2019.12.10-13.15.33:296][  0]LogConfig: Setting CVar [[s.WarnIfTimeLimitExceeded:0]]
[2019.12.10-13.15.33:296][  0]LogConfig: Setting CVar [[s.TimeLimitExceededMultiplier:1.5]]
[2019.12.10-13.15.33:296][  0]LogConfig: Setting CVar [[s.TimeLimitExceededMinTime:0.005]]
[2019.12.10-13.15.33:296][  0]LogConfig: Setting CVar [[s.UseBackgroundLevelStreaming:1]]
[2019.12.10-13.15.33:296][  0]LogConfig: Setting CVar [[s.PriorityAsyncLoadingExtraTime:15.0]]
[2019.12.10-13.15.33:296][  0]LogConfig: Setting CVar [[s.LevelStreamingActorsUpdateTimeLimit:5.0]]
[2019.12.10-13.15.33:296][  0]LogConfig: Setting CVar [[s.PriorityLevelStreamingActorsUpdateExtraTime:5.0]]
[2019.12.10-13.15.33:296][  0]LogConfig: Setting CVar [[s.LevelStreamingComponentsRegistrationGranularity:10]]
[2019.12.10-13.15.33:296][  0]LogConfig: Setting CVar [[s.UnregisterComponentsTimeLimit:1.0]]
[2019.12.10-13.15.33:296][  0]LogConfig: Setting CVar [[s.LevelStreamingComponentsUnregistrationGranularity:5]]
[2019.12.10-13.15.33:296][  0]LogConfig: Applying CVar settings from Section [/Script/Engine.GarbageCollectionSettings] File [D:/PojectUnreal/PLUSIEURS/FATUnreal/UnrealFinalProject/Saved/Config/Windows/Engine.ini]
[2019.12.10-13.15.33:296][  0]LogConfig: Setting CVar [[gc.MaxObjectsNotConsideredByGC:1]]
[2019.12.10-13.15.33:296][  0]LogConfig: Setting CVar [[gc.SizeOfPermanentObjectPool:0]]
[2019.12.10-13.15.33:296][  0]LogConfig: Setting CVar [[gc.FlushStreamingOnGC:0]]
[2019.12.10-13.15.33:296][  0]LogConfig: Setting CVar [[gc.NumRetriesBeforeForcingGC:10]]
[2019.12.10-13.15.33:297][  0]LogConfig: Setting CVar [[gc.AllowParallelGC:1]]
[2019.12.10-13.15.33:297][  0]LogConfig: Setting CVar [[gc.TimeBetweenPurgingPendingKillObjects:61.1]]
[2019.12.10-13.15.33:297][  0]LogConfig: Setting CVar [[gc.MaxObjectsInEditor:16777216]]
[2019.12.10-13.15.33:297][  0]LogConfig: Setting CVar [[gc.IncrementalBeginDestroyEnabled:1]]
[2019.12.10-13.15.33:297][  0]LogConfig: Setting CVar [[gc.CreateGCClusters:1]]
[2019.12.10-13.15.33:297][  0]LogConfig: Setting CVar [[gc.MinGCClusterSize:5]]
[2019.12.10-13.15.33:297][  0]LogConfig: Setting CVar [[gc.ActorClusteringEnabled:0]]
[2019.12.10-13.15.33:297][  0]LogConfig: Setting CVar [[gc.BlueprintClusteringEnabled:0]]
[2019.12.10-13.15.33:297][  0]LogConfig: Setting CVar [[gc.UseDisregardForGCOnDedicatedServers:0]]
[2019.12.10-13.15.33:297][  0]LogConfig: Applying CVar settings from Section [/Script/Engine.NetworkSettings] File [D:/PojectUnreal/PLUSIEURS/FATUnreal/UnrealFinalProject/Saved/Config/Windows/Engine.ini]
[2019.12.10-13.15.33:297][  0]LogConfig: Applying CVar settings from Section [/Script/UnrealEd.CookerSettings] File [D:/PojectUnreal/PLUSIEURS/FATUnreal/UnrealFinalProject/Saved/Config/Windows/Engine.ini]
[2019.12.10-13.15.33:298][  0]LogConfig: Applying CVar settings from Section [ViewDistanceQuality@3] File [D:/PojectUnreal/PLUSIEURS/FATUnreal/UnrealFinalProject/Saved/Config/Windows/Scalability.ini]
[2019.12.10-13.15.33:298][  0]LogConfig: Setting CVar [[r.SkeletalMeshLODBias:0]]
[2019.12.10-13.15.33:298][  0]LogConfig: Setting CVar [[r.ViewDistanceScale:1.0]]
[2019.12.10-13.15.33:298][  0]LogConfig: Applying CVar settings from Section [AntiAliasingQuality@3] File [D:/PojectUnreal/PLUSIEURS/FATUnreal/UnrealFinalProject/Saved/Config/Windows/Scalability.ini]
[2019.12.10-13.15.33:298][  0]LogConfig: Setting CVar [[r.PostProcessAAQuality:4]]
[2019.12.10-13.15.33:298][  0]LogConfig: Applying CVar settings from Section [ShadowQuality@3] File [D:/PojectUnreal/PLUSIEURS/FATUnreal/UnrealFinalProject/Saved/Config/Windows/Scalability.ini]
[2019.12.10-13.15.33:298][  0]LogConfig: Setting CVar [[r.LightFunctionQuality:1]]
[2019.12.10-13.15.33:298][  0]LogConfig: Setting CVar [[r.ShadowQuality:5]]
[2019.12.10-13.15.33:298][  0]LogConfig: Setting CVar [[r.Shadow.CSM.MaxCascades:10]]
[2019.12.10-13.15.33:298][  0]LogConfig: Setting CVar [[r.Shadow.MaxResolution:2048]]
[2019.12.10-13.15.33:298][  0]LogConfig: Setting CVar [[r.Shadow.MaxCSMResolution:2048]]
[2019.12.10-13.15.33:299][  0]LogConfig: Setting CVar [[r.Shadow.RadiusThreshold:0.01]]
[2019.12.10-13.15.33:299][  0]LogConfig: Setting CVar [[r.Shadow.DistanceScale:1.0]]
[2019.12.10-13.15.33:299][  0]LogConfig: Setting CVar [[r.Shadow.CSM.TransitionScale:1.0]]
[2019.12.10-13.15.33:299][  0]LogConfig: Setting CVar [[r.Shadow.PreShadowResolutionFactor:1.0]]
[2019.12.10-13.15.33:299][  0]LogConfig: Setting CVar [[r.DistanceFieldShadowing:1]]
[2019.12.10-13.15.33:299][  0]LogConfig: Setting CVar [[r.DistanceFieldAO:1]]
[2019.12.10-13.15.33:299][  0]LogConfig: Setting CVar [[r.AOQuality:2]]
[2019.12.10-13.15.33:299][  0]LogConfig: Setting CVar [[r.VolumetricFog:1]]
[2019.12.10-13.15.33:299][  0]LogConfig: Setting CVar [[r.VolumetricFog.GridPixelSize:8]]
[2019.12.10-13.15.33:299][  0]LogConfig: Setting CVar [[r.VolumetricFog.GridSizeZ:128]]
[2019.12.10-13.15.33:299][  0]LogConfig: Setting CVar [[r.VolumetricFog.HistoryMissSupersampleCount:4]]
[2019.12.10-13.15.33:299][  0]LogConfig: Setting CVar [[r.LightMaxDrawDistanceScale:1]]
[2019.12.10-13.15.33:299][  0]LogConfig: Setting CVar [[r.CapsuleShadows:1]]
[2019.12.10-13.15.33:299][  0]LogConfig: Applying CVar settings from Section [PostProcessQuality@3] File [D:/PojectUnreal/PLUSIEURS/FATUnreal/UnrealFinalProject/Saved/Config/Windows/Scalability.ini]
[2019.12.10-13.15.33:299][  0]LogConfig: Setting CVar [[r.MotionBlurQuality:4]]
[2019.12.10-13.15.33:299][  0]LogConfig: Setting CVar [[r.AmbientOcclusionMipLevelFactor:0.4]]
[2019.12.10-13.15.33:299][  0]LogConfig: Setting CVar [[r.AmbientOcclusionMaxQuality:100]]
[2019.12.10-13.15.33:299][  0]LogConfig: Setting CVar [[r.AmbientOcclusionLevels:-1]]
[2019.12.10-13.15.33:299][  0]LogConfig: Setting CVar [[r.AmbientOcclusionRadiusScale:1.0]]
[2019.12.10-13.15.33:299][  0]LogConfig: Setting CVar [[r.DepthOfFieldQuality:2]]
[2019.12.10-13.15.33:299][  0]LogConfig: Setting CVar [[r.RenderTargetPoolMin:400]]
[2019.12.10-13.15.33:299][  0]LogConfig: Setting CVar [[r.LensFlareQuality:2]]
[2019.12.10-13.15.33:299][  0]LogConfig: Setting CVar [[r.SceneColorFringeQuality:1]]
[2019.12.10-13.15.33:299][  0]LogConfig: Setting CVar [[r.EyeAdaptationQuality:2]]
[2019.12.10-13.15.33:299][  0]LogConfig: Setting CVar [[r.BloomQuality:5]]
[2019.12.10-13.15.33:299][  0]LogConfig: Setting CVar [[r.FastBlurThreshold:100]]
[2019.12.10-13.15.33:299][  0]LogConfig: Setting CVar [[r.Upscale.Quality:3]]
[2019.12.10-13.15.33:299][  0]LogConfig: Setting CVar [[r.Tonemapper.GrainQuantization:1]]
[2019.12.10-13.15.33:299][  0]LogConfig: Setting CVar [[r.LightShaftQuality:1]]
[2019.12.10-13.15.33:299][  0]LogConfig: Setting CVar [[r.Filter.SizeScale:1]]
[2019.12.10-13.15.33:299][  0]LogConfig: Setting CVar [[r.Tonemapper.Quality:5]]
[2019.12.10-13.15.33:299][  0]LogConfig: Setting CVar [[r.DOF.Gather.AccumulatorQuality:1        ; higher gathering accumulator quality]]
[2019.12.10-13.15.33:299][  0]LogConfig: Setting CVar [[r.DOF.Gather.PostfilterMethod:1          ; Median3x3 postfilering method]]
[2019.12.10-13.15.33:299][  0]LogConfig: Setting CVar [[r.DOF.Gather.EnableBokehSettings:0       ; no bokeh simulation when gathering]]
[2019.12.10-13.15.33:299][  0]LogConfig: Setting CVar [[r.DOF.Gather.RingCount:4                 ; medium number of samples when gathering]]
[2019.12.10-13.15.33:299][  0]LogConfig: Setting CVar [[r.DOF.Scatter.ForegroundCompositing:1    ; additive foreground scattering]]
[2019.12.10-13.15.33:299][  0]LogConfig: Setting CVar [[r.DOF.Scatter.BackgroundCompositing:2    ; additive background scattering]]
[2019.12.10-13.15.33:299][  0]LogConfig: Setting CVar [[r.DOF.Scatter.EnableBokehSettings:1      ; bokeh simulation when scattering]]
[2019.12.10-13.15.33:299][  0]LogConfig: Setting CVar [[r.DOF.Scatter.MaxSpriteRatio:0.1         ; only a maximum of 10% of scattered bokeh]]
[2019.12.10-13.15.33:299][  0]LogConfig: Setting CVar [[r.DOF.Recombine.Quality:1                ; cheap slight out of focus]]
[2019.12.10-13.15.33:299][  0]LogConfig: Setting CVar [[r.DOF.Recombine.EnableBokehSettings:0    ; no bokeh simulation on slight out of focus]]
[2019.12.10-13.15.33:299][  0]LogConfig: Setting CVar [[r.DOF.TemporalAAQuality:1                ; more stable temporal accumulation]]
[2019.12.10-13.15.33:299][  0]LogConfig: Setting CVar [[r.DOF.Kernel.MaxForegroundRadius:0.025]]
[2019.12.10-13.15.33:299][  0]LogConfig: Setting CVar [[r.DOF.Kernel.MaxBackgroundRadius:0.025]]
[2019.12.10-13.15.33:299][  0]LogConfig: Applying CVar settings from Section [TextureQuality@3] File [D:/PojectUnreal/PLUSIEURS/FATUnreal/UnrealFinalProject/Saved/Config/Windows/Scalability.ini]
[2019.12.10-13.15.33:299][  0]LogConfig: Setting CVar [[r.Streaming.MipBias:0]]
[2019.12.10-13.15.33:299][  0]LogConfig: Setting CVar [[r.Streaming.AmortizeCPUToGPUCopy:0]]
[2019.12.10-13.15.33:299][  0]LogConfig: Setting CVar [[r.Streaming.MaxNumTexturesToStreamPerFrame:0]]
[2019.12.10-13.15.33:299][  0]LogConfig: Setting CVar [[r.Streaming.Boost:1]]
[2019.12.10-13.15.33:299][  0]LogConfig: Setting CVar [[r.MaxAnisotropy:8]]
[2019.12.10-13.15.33:299][  0]LogConfig: Setting CVar [[r.Streaming.LimitPoolSizeToVRAM:0]]
[2019.12.10-13.15.33:299][  0]LogConfig: Setting CVar [[r.Streaming.PoolSize:1000]]
[2019.12.10-13.15.33:299][  0]LogConfig: Setting CVar [[r.Streaming.MaxEffectiveScreenSize:0]]
[2019.12.10-13.15.33:299][  0]LogConfig: Applying CVar settings from Section [EffectsQuality@3] File [D:/PojectUnreal/PLUSIEURS/FATUnreal/UnrealFinalProject/Saved/Config/Windows/Scalability.ini]
[2019.12.10-13.15.33:299][  0]LogConfig: Setting CVar [[r.TranslucencyLightingVolumeDim:64]]
[2019.12.10-13.15.33:299][  0]LogConfig: Setting CVar [[r.RefractionQuality:2]]
[2019.12.10-13.15.33:299][  0]LogConfig: Setting CVar [[r.SSR.Quality:3]]
[2019.12.10-13.15.33:299][  0]LogConfig: Setting CVar [[r.SceneColorFormat:4]]
[2019.12.10-13.15.33:299][  0]LogConfig: Setting CVar [[r.DetailMode:2]]
[2019.12.10-13.15.33:299][  0]LogConfig: Setting CVar [[r.TranslucencyVolumeBlur:1]]
[2019.12.10-13.15.33:299][  0]LogConfig: Setting CVar [[r.MaterialQualityLevel:1 ; High quality]]
[2019.12.10-13.15.33:299][  0]LogConfig: Setting CVar [[r.SSS.Scale:1]]
[2019.12.10-13.15.33:299][  0]LogConfig: Setting CVar [[r.SSS.SampleSet:2]]
[2019.12.10-13.15.33:299][  0]LogConfig: Setting CVar [[r.SSS.Quality:1]]
[2019.12.10-13.15.33:299][  0]LogConfig: Setting CVar [[r.SSS.HalfRes:1]]
[2019.12.10-13.15.33:299][  0]LogConfig: Setting CVar [[r.EmitterSpawnRateScale:1.0]]
[2019.12.10-13.15.33:299][  0]LogConfig: Setting CVar [[r.ParticleLightQuality:2]]
[2019.12.10-13.15.33:299][  0]LogConfig: Applying CVar settings from Section [FoliageQuality@3] File [D:/PojectUnreal/PLUSIEURS/FATUnreal/UnrealFinalProject/Saved/Config/Windows/Scalability.ini]
[2019.12.10-13.15.33:299][  0]LogConfig: Setting CVar [[foliage.DensityScale:1.0]]
[2019.12.10-13.15.33:299][  0]LogConfig: Setting CVar [[grass.DensityScale:1.0]]
[2019.12.10-13.15.33:299][  0]LogInit: Selected Device Profile: [Windows]
[2019.12.10-13.15.33:299][  0]LogInit: Applying CVar settings loaded from the selected device profile: [Windows]
[2019.12.10-13.15.33:302][  0]LogHAL: Display: Platform has ~ 16 GB [17014509568 / 17179869184 / 16], which maps to Larger [LargestMinGB=32, LargerMinGB=12, DefaultMinGB=8, SmallerMinGB=6, SmallestMinGB=0)
[2019.12.10-13.15.33:302][  0]LogInit: Going up to parent DeviceProfile []
[2019.12.10-13.15.33:302][  0]LogConfig: Applying CVar settings from Section [ViewDistanceQuality@2] File [D:/PojectUnreal/PLUSIEURS/FATUnreal/UnrealFinalProject/Saved/Config/Windows/Scalability.ini]
[2019.12.10-13.15.33:302][  0]LogConfig: Setting CVar [[r.SkeletalMeshLODBias:0]]
[2019.12.10-13.15.33:302][  0]LogConfig: Setting CVar [[r.ViewDistanceScale:0.8]]
[2019.12.10-13.15.33:302][  0]LogConfig: Applying CVar settings from Section [AntiAliasingQuality@2] File [D:/PojectUnreal/PLUSIEURS/FATUnreal/UnrealFinalProject/Saved/Config/Windows/Scalability.ini]
[2019.12.10-13.15.33:302][  0]LogConfig: Setting CVar [[r.PostProcessAAQuality:3]]
[2019.12.10-13.15.33:302][  0]LogConfig: Applying CVar settings from Section [ShadowQuality@2] File [D:/PojectUnreal/PLUSIEURS/FATUnreal/UnrealFinalProject/Saved/Config/Windows/Scalability.ini]
[2019.12.10-13.15.33:302][  0]LogConfig: Setting CVar [[r.LightFunctionQuality:1]]
[2019.12.10-13.15.33:302][  0]LogConfig: Setting CVar [[r.ShadowQuality:5]]
[2019.12.10-13.15.33:302][  0]LogConfig: Setting CVar [[r.Shadow.CSM.MaxCascades:4]]
[2019.12.10-13.15.33:302][  0]LogConfig: Setting CVar [[r.Shadow.MaxResolution:1024]]
[2019.12.10-13.15.33:302][  0]LogConfig: Setting CVar [[r.Shadow.MaxCSMResolution:2048]]
[2019.12.10-13.15.33:302][  0]LogConfig: Setting CVar [[r.Shadow.RadiusThreshold:0.04]]
[2019.12.10-13.15.33:302][  0]LogConfig: Setting CVar [[r.Shadow.DistanceScale:0.85]]
[2019.12.10-13.15.33:302][  0]LogConfig: Setting CVar [[r.Shadow.CSM.TransitionScale:0.8]]
[2019.12.10-13.15.33:302][  0]LogConfig: Setting CVar [[r.Shadow.PreShadowResolutionFactor:0.5]]
[2019.12.10-13.15.33:302][  0]LogConfig: Setting CVar [[r.DistanceFieldShadowing:1]]
[2019.12.10-13.15.33:302][  0]LogConfig: Setting CVar [[r.DistanceFieldAO:1]]
[2019.12.10-13.15.33:302][  0]LogConfig: Setting CVar [[r.AOQuality:1]]
[2019.12.10-13.15.33:302][  0]LogConfig: Setting CVar [[r.VolumetricFog:1]]
[2019.12.10-13.15.33:302][  0]LogConfig: Setting CVar [[r.VolumetricFog.GridPixelSize:16]]
[2019.12.10-13.15.33:302][  0]LogConfig: Setting CVar [[r.VolumetricFog.GridSizeZ:64]]
[2019.12.10-13.15.33:302][  0]LogConfig: Setting CVar [[r.VolumetricFog.HistoryMissSupersampleCount:4]]
[2019.12.10-13.15.33:302][  0]LogConfig: Setting CVar [[r.LightMaxDrawDistanceScale:1]]
[2019.12.10-13.15.33:302][  0]LogConfig: Setting CVar [[r.CapsuleShadows:1]]
[2019.12.10-13.15.33:302][  0]LogConfig: Applying CVar settings from Section [PostProcessQuality@2] File [D:/PojectUnreal/PLUSIEURS/FATUnreal/UnrealFinalProject/Saved/Config/Windows/Scalability.ini]
[2019.12.10-13.15.33:302][  0]LogConfig: Setting CVar [[r.MotionBlurQuality:3]]
[2019.12.10-13.15.33:302][  0]LogConfig: Setting CVar [[r.AmbientOcclusionMipLevelFactor:0.6]]
[2019.12.10-13.15.33:302][  0]LogConfig: Setting CVar [[r.AmbientOcclusionMaxQuality:100]]
[2019.12.10-13.15.33:302][  0]LogConfig: Setting CVar [[r.AmbientOcclusionLevels:-1]]
[2019.12.10-13.15.33:302][  0]LogConfig: Setting CVar [[r.AmbientOcclusionRadiusScale:1.5]]
[2019.12.10-13.15.33:302][  0]LogConfig: Setting CVar [[r.DepthOfFieldQuality:2]]
[2019.12.10-13.15.33:302][  0]LogConfig: Setting CVar [[r.RenderTargetPoolMin:400]]
[2019.12.10-13.15.33:302][  0]LogConfig: Setting CVar [[r.LensFlareQuality:2]]
[2019.12.10-13.15.33:302][  0]LogConfig: Setting CVar [[r.SceneColorFringeQuality:1]]
[2019.12.10-13.15.33:302][  0]LogConfig: Setting CVar [[r.EyeAdaptationQuality:2]]
[2019.12.10-13.15.33:302][  0]LogConfig: Setting CVar [[r.BloomQuality:5]]
[2019.12.10-13.15.33:302][  0]LogConfig: Setting CVar [[r.FastBlurThreshold:3]]
[2019.12.10-13.15.33:302][  0]LogConfig: Setting CVar [[r.Upscale.Quality:2]]
[2019.12.10-13.15.33:302][  0]LogConfig: Setting CVar [[r.Tonemapper.GrainQuantization:1]]
[2019.12.10-13.15.33:302][  0]LogConfig: Setting CVar [[r.LightShaftQuality:1]]
[2019.12.10-13.15.33:302][  0]LogConfig: Setting CVar [[r.Filter.SizeScale:0.8]]
[2019.12.10-13.15.33:302][  0]LogConfig: Setting CVar [[r.Tonemapper.Quality:5]]
[2019.12.10-13.15.33:302][  0]LogConfig: Setting CVar [[r.DOF.Gather.AccumulatorQuality:0        ; lower gathering accumulator quality]]
[2019.12.10-13.15.33:302][  0]LogConfig: Setting CVar [[r.DOF.Gather.PostfilterMethod:2          ; Max3x3 postfilering method]]
[2019.12.10-13.15.33:302][  0]LogConfig: Setting CVar [[r.DOF.Gather.EnableBokehSettings:0       ; no bokeh simulation when gathering]]
[2019.12.10-13.15.33:302][  0]LogConfig: Setting CVar [[r.DOF.Gather.RingCount:4                 ; medium number of samples when gathering]]
[2019.12.10-13.15.33:302][  0]LogConfig: Setting CVar [[r.DOF.Scatter.ForegroundCompositing:1    ; additive foreground scattering]]
[2019.12.10-13.15.33:302][  0]LogConfig: Setting CVar [[r.DOF.Scatter.BackgroundCompositing:1    ; no background occlusion]]
[2019.12.10-13.15.33:302][  0]LogConfig: Setting CVar [[r.DOF.Scatter.EnableBokehSettings:0      ; no bokeh simulation when scattering]]
[2019.12.10-13.15.33:302][  0]LogConfig: Setting CVar [[r.DOF.Scatter.MaxSpriteRatio:0.04        ; only a maximum of 4% of scattered bokeh]]
[2019.12.10-13.15.33:302][  0]LogConfig: Setting CVar [[r.DOF.Recombine.Quality:0                ; no slight out of focus]]
[2019.12.10-13.15.33:302][  0]LogConfig: Setting CVar [[r.DOF.TemporalAAQuality:0                ; faster temporal accumulation]]
[2019.12.10-13.15.33:302][  0]LogConfig: Setting CVar [[r.DOF.Kernel.MaxForegroundRadius:0.012   ; required because of AccumulatorQuality=0]]
[2019.12.10-13.15.33:302][  0]LogConfig: Setting CVar [[r.DOF.Kernel.MaxBackgroundRadius:0.012   ; required because of AccumulatorQuality=0]]
[2019.12.10-13.15.33:302][  0]LogConfig: Applying CVar settings from Section [TextureQuality@2] File [D:/PojectUnreal/PLUSIEURS/FATUnreal/UnrealFinalProject/Saved/Config/Windows/Scalability.ini]
[2019.12.10-13.15.33:302][  0]LogConfig: Setting CVar [[r.Streaming.MipBias:0]]
[2019.12.10-13.15.33:302][  0]LogConfig: Setting CVar [[r.Streaming.AmortizeCPUToGPUCopy:0]]
[2019.12.10-13.15.33:302][  0]LogConfig: Setting CVar [[r.Streaming.MaxNumTexturesToStreamPerFrame:0]]
[2019.12.10-13.15.33:302][  0]LogConfig: Setting CVar [[r.Streaming.Boost:1]]
[2019.12.10-13.15.33:302][  0]LogConfig: Setting CVar [[r.MaxAnisotropy:4]]
[2019.12.10-13.15.33:302][  0]LogConfig: Setting CVar [[r.Streaming.LimitPoolSizeToVRAM:1]]
[2019.12.10-13.15.33:302][  0]LogConfig: Setting CVar [[r.Streaming.PoolSize:800]]
[2019.12.10-13.15.33:302][  0]LogConfig: Setting CVar [[r.Streaming.MaxEffectiveScreenSize:0]]
[2019.12.10-13.15.33:303][  0]LogConfig: Applying CVar settings from Section [EffectsQuality@2] File [D:/PojectUnreal/PLUSIEURS/FATUnreal/UnrealFinalProject/Saved/Config/Windows/Scalability.ini]
[2019.12.10-13.15.33:303][  0]LogConfig: Setting CVar [[r.TranslucencyLightingVolumeDim:48]]
[2019.12.10-13.15.33:303][  0]LogConfig: Setting CVar [[r.RefractionQuality:2]]
[2019.12.10-13.15.33:303][  0]LogConfig: Setting CVar [[r.SSR.Quality:2]]
[2019.12.10-13.15.33:303][  0]LogConfig: Setting CVar [[r.SceneColorFormat:3]]
[2019.12.10-13.15.33:303][  0]LogConfig: Setting CVar [[r.DetailMode:1]]
[2019.12.10-13.15.33:303][  0]LogConfig: Setting CVar [[r.TranslucencyVolumeBlur:1]]
[2019.12.10-13.15.33:303][  0]LogConfig: Setting CVar [[r.MaterialQualityLevel:1 ; High quality]]
[2019.12.10-13.15.33:303][  0]LogConfig: Setting CVar [[r.SSS.Scale:1]]
[2019.12.10-13.15.33:303][  0]LogConfig: Setting CVar [[r.SSS.SampleSet:1]]
[2019.12.10-13.15.33:303][  0]LogConfig: Setting CVar [[r.SSS.Quality:-1]]
[2019.12.10-13.15.33:303][  0]LogConfig: Setting CVar [[r.SSS.HalfRes:1]]
[2019.12.10-13.15.33:303][  0]LogConfig: Setting CVar [[r.EmitterSpawnRateScale:0.5]]
[2019.12.10-13.15.33:303][  0]LogConfig: Setting CVar [[r.ParticleLightQuality:1]]
[2019.12.10-13.15.33:303][  0]LogConfig: Applying CVar settings from Section [FoliageQuality@2] File [D:/PojectUnreal/PLUSIEURS/FATUnreal/UnrealFinalProject/Saved/Config/Windows/Scalability.ini]
[2019.12.10-13.15.33:303][  0]LogConfig: Setting CVar [[foliage.DensityScale:0.8]]
[2019.12.10-13.15.33:303][  0]LogConfig: Setting CVar [[grass.DensityScale:0.8]]
[2019.12.10-13.15.33:303][  0]LogConfig: Applying CVar settings from Section [Startup] File [../../../Engine/Config/ConsoleVariables.ini]
[2019.12.10-13.15.33:303][  0]LogConfig: Setting CVar [[net.UseAdaptiveNetUpdateFrequency:0]]
[2019.12.10-13.15.33:303][  0]LogConfig: Setting CVar [[p.chaos.AllowCreatePhysxBodies:1]]
[2019.12.10-13.15.33:303][  0]LogConfig: Applying CVar settings from Section [ConsoleVariables] File [D:/PojectUnreal/PLUSIEURS/FATUnreal/UnrealFinalProject/Saved/Config/Windows/Engine.ini]
[2019.12.10-13.15.33:303][  0]LogInit: Computer: LAPTOP-8T1CJFVP
[2019.12.10-13.15.33:303][  0]LogInit: User: clement
[2019.12.10-13.15.33:303][  0]LogInit: CPU Page size=4096, Cores=6
[2019.12.10-13.15.33:303][  0]LogInit: High frequency timer resolution =10.000000 MHz
[2019.12.10-13.15.33:303][  0]LogMemory: Memory total: Physical=15.8GB (16GB approx)
[2019.12.10-13.15.33:303][  0]LogMemory: Platform Memory Stats for Windows
[2019.12.10-13.15.33:303][  0]LogMemory: Process Physical Memory: 101.25 MB used, 101.25 MB peak
[2019.12.10-13.15.33:303][  0]LogMemory: Process Virtual Memory: 101.55 MB used, 101.55 MB peak
[2019.12.10-13.15.33:303][  0]LogMemory: Physical Memory: 7615.07 MB used,  8611.23 MB free, 16226.30 MB total
[2019.12.10-13.15.33:303][  0]LogMemory: Virtual Memory: 4686.55 MB used,  134213040.00 MB free, 134217728.00 MB total
[2019.12.10-13.15.33:305][  0]LogWindows: WindowsPlatformFeatures enabled
[2019.12.10-13.15.33:324][  0]LogInit: Using OS detected language (fr-FR).
[2019.12.10-13.15.33:324][  0]LogInit: Using OS detected locale (fr-FR).
[2019.12.10-13.15.33:325][  0]LogTextLocalizationManager: No specific localization for 'fr-FR' exists, so the 'fr' localization will be used.
[2019.12.10-13.15.33:326][  0]LogTextLocalizationResource: LocRes '../../../Engine/Content/Localization/Editor/fr/Editor.locres' could not be opened for reading!
[2019.12.10-13.15.33:326][  0]LogTextLocalizationResource: LocRes '../../../Engine/Content/Localization/EditorTutorials/fr/EditorTutorials.locres' could not be opened for reading!
[2019.12.10-13.15.33:326][  0]LogTextLocalizationResource: LocRes '../../../Engine/Content/Localization/Keywords/fr/Keywords.locres' could not be opened for reading!
[2019.12.10-13.15.33:326][  0]LogTextLocalizationResource: LocRes '../../../Engine/Content/Localization/Category/fr/Category.locres' could not be opened for reading!
[2019.12.10-13.15.33:326][  0]LogTextLocalizationResource: LocRes '../../../Engine/Content/Localization/ToolTips/fr/ToolTips.locres' could not be opened for reading!
[2019.12.10-13.15.33:326][  0]LogTextLocalizationResource: LocRes '../../../Engine/Content/Localization/PropertyNames/fr/PropertyNames.locres' could not be opened for reading!
[2019.12.10-13.15.33:326][  0]LogTextLocalizationResource: LocRes '../../../Engine/Content/Localization/Engine/fr/Engine.locres' could not be opened for reading!
[2019.12.10-13.15.33:327][  0]LogInit: Setting process to per monitor DPI aware
[2019.12.10-13.15.33:353][  0]LogSlate: New Slate User Created.  User Index 0, Is Virtual User: 0
[2019.12.10-13.15.33:353][  0]LogSlate: Slate User Registered.  User Index 0, Is Virtual User: 0
[2019.12.10-13.15.33:578][  0]LogHMD: Failed to initialize OpenVR with code 126
[2019.12.10-13.15.33:578][  0]LogD3D11RHI: D3D11 adapters:
[2019.12.10-13.15.33:640][  0]LogD3D11RHI:    0. 'NVIDIA GeForce GTX 1060' (Feature Level 11_0)
[2019.12.10-13.15.33:641][  0]LogD3D11RHI:       6052/0/8113 MB DedicatedVideo/DedicatedSystem/SharedSystem, Outputs:1, VendorId:0x10de
[2019.12.10-13.15.33:652][  0]LogD3D11RHI:    1. 'Intel(R) UHD Graphics 630' (Feature Level 11_0)
[2019.12.10-13.15.33:652][  0]LogD3D11RHI:       128/0/8113 MB DedicatedVideo/DedicatedSystem/SharedSystem, Outputs:0, VendorId:0x8086
[2019.12.10-13.15.33:654][  0]LogD3D11RHI:    2. 'Microsoft Basic Render Driver' (Feature Level 11_0)
[2019.12.10-13.15.33:654][  0]LogD3D11RHI:       0/0/8113 MB DedicatedVideo/DedicatedSystem/SharedSystem, Outputs:0, VendorId:0x1414
[2019.12.10-13.15.33:654][  0]LogD3D11RHI: Chosen D3D11 Adapter: 0
[2019.12.10-13.15.33:683][  0]LogD3D11RHI: Creating new Direct3DDevice
[2019.12.10-13.15.33:683][  0]LogD3D11RHI:     GPU DeviceId: 0x1c20 (for the marketing name, search the web for "GPU Device Id")
[2019.12.10-13.15.33:683][  0]LogWindows: EnumDisplayDevices:
[2019.12.10-13.15.33:683][  0]LogWindows:    0. 'Intel(R) UHD Graphics 630' (P:1 D:1)
[2019.12.10-13.15.33:683][  0]LogWindows:    1. 'Intel(R) UHD Graphics 630' (P:0 D:0)
[2019.12.10-13.15.33:683][  0]LogWindows:    2. 'Intel(R) UHD Graphics 630' (P:0 D:0)
[2019.12.10-13.15.33:684][  0]LogWindows:    3. 'NVIDIA GeForce GTX 1060' (P:0 D:0)
[2019.12.10-13.15.33:684][  0]LogWindows: DebugString: PrimaryIsNotTheChoosenAdapter PrimaryIsNotTheChoosenAdapter PrimaryIsNotTheChoosenAdapter 
[2019.12.10-13.15.33:684][  0]LogD3D11RHI:     Adapter Name: NVIDIA GeForce GTX 1060
[2019.12.10-13.15.33:684][  0]LogD3D11RHI:   Driver Version: 441.12 (internal:26.21.14.4112, unified:441.12)
[2019.12.10-13.15.33:684][  0]LogD3D11RHI:      Driver Date: 10-24-2019
[2019.12.10-13.15.33:684][  0]LogRHI: Texture pool is 4236 MB (70% of 6052 MB)
[2019.12.10-13.15.33:722][  0]LogD3D11RHI: Async texture creation enabled
[2019.12.10-13.15.33:734][  0]LogD3D11RHI: GPU Timing Frequency: 1000.000000 (Debug: 2 1)
[2019.12.10-13.15.34:006][  0]LogTemp: Display: Module 'AllDesktopTargetPlatform' loaded TargetPlatform 'AllDesktop'
[2019.12.10-13.15.34:012][  0]LogTemp: Display: Module 'MacClientTargetPlatform' loaded TargetPlatform 'MacClient'
[2019.12.10-13.15.34:019][  0]LogTemp: Display: Module 'MacNoEditorTargetPlatform' loaded TargetPlatform 'MacNoEditor'
[2019.12.10-13.15.34:025][  0]LogTemp: Display: Module 'MacServerTargetPlatform' loaded TargetPlatform 'MacServer'
[2019.12.10-13.15.34:032][  0]LogTemp: Display: Module 'MacTargetPlatform' loaded TargetPlatform 'Mac'
[2019.12.10-13.15.34:038][  0]LogTemp: Display: Module 'WindowsClientTargetPlatform' loaded TargetPlatform 'WindowsClient'
[2019.12.10-13.15.34:044][  0]LogTemp: Display: Module 'WindowsNoEditorTargetPlatform' loaded TargetPlatform 'WindowsNoEditor'
[2019.12.10-13.15.34:051][  0]LogTemp: Display: Module 'WindowsServerTargetPlatform' loaded TargetPlatform 'WindowsServer'
[2019.12.10-13.15.34:054][  0]LogTemp: Display: Module 'WindowsTargetPlatform' loaded TargetPlatform 'Windows'
[2019.12.10-13.15.34:079][  0]LogTemp: Display: Module 'AndroidTargetPlatform' loaded TargetPlatform 'Android'
[2019.12.10-13.15.34:079][  0]LogTemp: Display: Module 'AndroidTargetPlatform' loaded TargetPlatform 'Android_ASTC'
[2019.12.10-13.15.34:079][  0]LogTemp: Display: Module 'AndroidTargetPlatform' loaded TargetPlatform 'Android_ATC'
[2019.12.10-13.15.34:079][  0]LogTemp: Display: Module 'AndroidTargetPlatform' loaded TargetPlatform 'Android_DXT'
[2019.12.10-13.15.34:080][  0]LogTemp: Display: Module 'AndroidTargetPlatform' loaded TargetPlatform 'Android_ETC1'
[2019.12.10-13.15.34:080][  0]LogTemp: Display: Module 'AndroidTargetPlatform' loaded TargetPlatform 'Android_ETC1a'
[2019.12.10-13.15.34:080][  0]LogTemp: Display: Module 'AndroidTargetPlatform' loaded TargetPlatform 'Android_ETC2'
[2019.12.10-13.15.34:080][  0]LogTemp: Display: Module 'AndroidTargetPlatform' loaded TargetPlatform 'Android_PVRTC'
[2019.12.10-13.15.34:080][  0]LogTemp: Display: Module 'AndroidTargetPlatform' loaded TargetPlatform 'AndroidClient'
[2019.12.10-13.15.34:080][  0]LogTemp: Display: Module 'AndroidTargetPlatform' loaded TargetPlatform 'Android_ASTCClient'
[2019.12.10-13.15.34:080][  0]LogTemp: Display: Module 'AndroidTargetPlatform' loaded TargetPlatform 'Android_ATCClient'
[2019.12.10-13.15.34:080][  0]LogTemp: Display: Module 'AndroidTargetPlatform' loaded TargetPlatform 'Android_DXTClient'
[2019.12.10-13.15.34:080][  0]LogTemp: Display: Module 'AndroidTargetPlatform' loaded TargetPlatform 'Android_ETC1Client'
[2019.12.10-13.15.34:080][  0]LogTemp: Display: Module 'AndroidTargetPlatform' loaded TargetPlatform 'Android_ETC1aClient'
[2019.12.10-13.15.34:080][  0]LogTemp: Display: Module 'AndroidTargetPlatform' loaded TargetPlatform 'Android_ETC2Client'
[2019.12.10-13.15.34:080][  0]LogTemp: Display: Module 'AndroidTargetPlatform' loaded TargetPlatform 'Android_PVRTCClient'
[2019.12.10-13.15.34:080][  0]LogTemp: Display: Module 'AndroidTargetPlatform' loaded TargetPlatform 'Android_Multi'
[2019.12.10-13.15.34:080][  0]LogTemp: Display: Module 'AndroidTargetPlatform' loaded TargetPlatform 'Android_MultiClient'
[2019.12.10-13.15.34:081][  0]LogTemp: Display: Module 'HTML5TargetPlatform' loaded TargetPlatform 'HTML5'
[2019.12.10-13.15.34:094][  0]LogTemp: Display: Module 'IOSTargetPlatform' loaded TargetPlatform 'IOSClient'
[2019.12.10-13.15.34:094][  0]LogTemp: Display: Module 'IOSTargetPlatform' loaded TargetPlatform 'IOS'
[2019.12.10-13.15.34:105][  0]LogTemp: Display: Module 'TVOSTargetPlatform' loaded TargetPlatform 'TVOSClient'
[2019.12.10-13.15.34:105][  0]LogTemp: Display: Module 'TVOSTargetPlatform' loaded TargetPlatform 'TVOS'
[2019.12.10-13.15.34:111][  0]LogTemp: Display: Module 'LinuxClientTargetPlatform' loaded TargetPlatform 'LinuxClient'
[2019.12.10-13.15.34:117][  0]LogTemp: Display: Module 'LinuxNoEditorTargetPlatform' loaded TargetPlatform 'LinuxNoEditor'
[2019.12.10-13.15.34:122][  0]LogTemp: Display: Module 'LinuxServerTargetPlatform' loaded TargetPlatform 'LinuxServer'
[2019.12.10-13.15.34:128][  0]LogTemp: Display: Module 'LinuxTargetPlatform' loaded TargetPlatform 'Linux'
[2019.12.10-13.15.34:147][  0]LogTemp: Display: Module 'LuminTargetPlatform' loaded TargetPlatform 'Lumin'
[2019.12.10-13.15.34:147][  0]LogTemp: Display: Module 'LuminTargetPlatform' loaded TargetPlatform 'LuminClient'
[2019.12.10-13.15.34:147][  0]LogTargetPlatformManager: Display: Building Assets For Windows
[2019.12.10-13.15.34:153][  0]LogAudioDebug: Display: Lib vorbis DLL was dynamically loaded.
[2019.12.10-13.15.34:188][  0]LogShaderCompilers: Guid format shader working directory is -19 characters bigger than the processId version (../../../../../PojectUnreal/PLUSIEURS/FATUnreal/UnrealFinalProject/Intermediate/Shaders/WorkingDirectory/17860/).
[2019.12.10-13.15.34:188][  0]LogShaderCompilers: Cleaned the shader compiler working directory 'C:/Users/clement/AppData/Local/Temp/UnrealShaderWorkingDir/8E22FDC64272E51845B19DBFAC55C6DF/'.
[2019.12.10-13.15.34:189][  0]LogXGEController: Cannot use XGE Controller as Incredibuild is not installed on this machine.
[2019.12.10-13.15.34:189][  0]LogShaderCompilers: Cannot use XGE Shader Compiler as Incredibuild is not installed on this machine.
[2019.12.10-13.15.34:189][  0]LogShaderCompilers: Display: Using Local Shader Compiler.
[2019.12.10-13.15.34:731][  0]LogDerivedDataCache: Display: Max Cache Size: 512 MB
[2019.12.10-13.15.34:772][  0]LogDerivedDataCache: Loaded boot cache 0.04s 73MB C:/Users/clement/AppData/Local/UnrealEngine/4.23/DerivedDataCache/Boot.ddc.
[2019.12.10-13.15.34:772][  0]LogDerivedDataCache: Display: Loaded Boot cache: C:/Users/clement/AppData/Local/UnrealEngine/4.23/DerivedDataCache/Boot.ddc
[2019.12.10-13.15.34:772][  0]LogDerivedDataCache: FDerivedDataBackendGraph:  Pak pak cache file ../../../../../PojectUnreal/PLUSIEURS/FATUnreal/UnrealFinalProject/DerivedDataCache/DDC.ddp not found, will not use a pak cache.
[2019.12.10-13.15.34:772][  0]LogDerivedDataCache: Unable to find inner node Pak for hierarchical cache Hierarchy.
[2019.12.10-13.15.34:772][  0]LogDerivedDataCache: FDerivedDataBackendGraph:  CompressedPak pak cache file ../../../../../PojectUnreal/PLUSIEURS/FATUnreal/UnrealFinalProject/DerivedDataCache/Compressed.ddp not found, will not use a pak cache.
[2019.12.10-13.15.34:772][  0]LogDerivedDataCache: Unable to find inner node CompressedPak for hierarchical cache Hierarchy.
[2019.12.10-13.15.34:782][  0]LogDerivedDataCache: Display: Pak cache opened for reading ../../../Engine/DerivedDataCache/Compressed.ddp.
[2019.12.10-13.15.34:782][  0]LogDerivedDataCache: FDerivedDataBackendGraph:  EnterprisePak pak cache file ../../../Enterprise/DerivedDataCache/Compressed.ddp not found, will not use a pak cache.
[2019.12.10-13.15.34:782][  0]LogDerivedDataCache: Unable to find inner node EnterprisePak for hierarchical cache Hierarchy.
[2019.12.10-13.15.34:783][  0]LogDerivedDataCache: Using Local data cache path C:/Users/clement/AppData/Local/UnrealEngine/Common/DerivedDataCache: Writable
[2019.12.10-13.15.34:783][  0]LogDerivedDataCache: Shared data cache path not found in *engine.ini, will not use an Shared cache.
[2019.12.10-13.15.34:783][  0]LogDerivedDataCache: Unable to find inner node Shared for hierarchical cache Hierarchy.
[2019.12.10-13.15.34:801][  0]LogMaterial: Verifying Global Shaders for PCD3D_SM5
[2019.12.10-13.15.34:803][  0]LogSlate: Using FreeType 2.6.0
[2019.12.10-13.15.34:803][  0]LogSlate: SlateFontServices - WITH_FREETYPE: 1, WITH_HARFBUZZ: 1
[2019.12.10-13.15.34:857][  0]LogAssetRegistry: FAssetRegistry took 0.0021 seconds to start up
[2019.12.10-13.15.35:064][  0]LogInit: Selected Device Profile: [Windows]
[2019.12.10-13.15.35:185][  0]LogMeshReduction: Using QuadricMeshReduction for automatic static mesh reduction
[2019.12.10-13.15.35:185][  0]LogMeshReduction: Using SimplygonMeshReduction for automatic skeletal mesh reduction
[2019.12.10-13.15.35:185][  0]LogMeshReduction: Using ProxyLODMeshReduction for automatic mesh merging
[2019.12.10-13.15.35:185][  0]LogMeshReduction: No distributed automatic mesh merging module available
[2019.12.10-13.15.35:185][  0]LogMeshMerging: No distributed automatic mesh merging module available
[2019.12.10-13.15.35:194][  0]LogNetVersion: UnrealFinalProject 1.0.0, NetCL: 8386587, EngineNetVer: 11, GameNetVer: 0 (Checksum: 2874034460)
[2019.12.10-13.15.35:575][  0]LogPackageLocalizationCache: Processed 12 localized package path(s) for 1 prioritized culture(s) in 0.071073 seconds
[2019.12.10-13.15.35:582][  0]LogUObjectArray: 43444 objects as part of root set at end of initial load.
[2019.12.10-13.15.35:582][  0]LogUObjectAllocator: 7548648 out of 0 bytes used by permanent object pool.
[2019.12.10-13.15.35:582][  0]LogUObjectArray: CloseDisregardForGC: 0/0 objects in disregard for GC pool
[2019.12.10-13.15.36:395][  0]LogTcpMessaging: Initializing TcpMessaging bridge
[2019.12.10-13.15.36:397][  0]LogUdpMessaging: Initializing bridge on interface 0.0.0.0:0 to multicast group 230.0.0.1:6666.
[2019.12.10-13.15.36:440][  0]SourceControl: Source control is disabled
[2019.12.10-13.15.36:440][  0]SourceControl: Source control is disabled
[2019.12.10-13.15.36:441][  0]SourceControl: Source control is disabled
[2019.12.10-13.15.36:442][  0]SourceControl: Source control is disabled
[2019.12.10-13.15.36:514][  0]LogAndroidPermission: UAndroidPermissionCallbackProxy::GetInstance
[2019.12.10-13.15.36:600][  0]LogOcInput: OculusInput pre-init called
[2019.12.10-13.15.36:605][  0]LogWindows: Failed to load 'OVRPlugin.dll' (GetLastError=126)
[2019.12.10-13.15.36:605][  0]LogWindows: File 'OVRPlugin.dll' does not exist
[2019.12.10-13.15.36:659][  0]LogEngine: Initializing Engine...
[2019.12.10-13.15.36:686][  0]LogHMD: Failed to initialize OpenVR with code 126
[2019.12.10-13.15.36:687][  0]LogStats: UGameplayTagsManager::InitializeManager -  0.000 s
[2019.12.10-13.15.36:871][  0]LogInit: Initializing FReadOnlyCVARCache
[2019.12.10-13.15.36:880][  0]LogAIModule: Creating AISystem for world Untitled
[2019.12.10-13.15.36:899][  0]LogInit: XAudio2 using 'Haut-parleurs (Realtek High Definition Audio)' : 2 channels at 48 kHz using 32 bits per sample (channel mask 0x3)
[2019.12.10-13.15.36:943][  0]LogInit: FAudioDevice initialized.
[2019.12.10-13.15.36:943][  0]LogNetVersion: Set ProjectVersion to 1.0.0.0. Version Checksum will be recalculated on next use.
[2019.12.10-13.15.36:989][  0]LogDerivedDataCache: Saved boot cache 0.05s 73MB C:/Users/clement/AppData/Local/UnrealEngine/4.23/DerivedDataCache/Boot.ddc.
[2019.12.10-13.15.36:994][  0]LogInit: Texture streaming: Enabled
[2019.12.10-13.15.37:005][  0]LogEngineSessionManager: EngineSessionManager initialized
[2019.12.10-13.15.37:089][  0]LogInit: Transaction tracking system initialized
[2019.12.10-13.15.37:107][  0]BlueprintLog: New page: Editor Load
[2019.12.10-13.15.37:153][  0]LocalizationService: Localization service is disabled
[2019.12.10-13.15.37:394][  0]LogFileCache: Scanning file cache for directory 'D:/PojectUnreal/PLUSIEURS/FATUnreal/UnrealFinalProject/Content/' took 0.01s
[2019.12.10-13.15.37:394][  0]LogCook: Display: Max memory allowance for cook 16384mb min free memory 0mb
[2019.12.10-13.15.37:394][  0]LogCook: Display: Mobile HDR setting 1
[2019.12.10-13.15.37:545][  0]SourceControl: Source control is disabled
[2019.12.10-13.15.37:545][  0]Cmd: MAP LOAD FILE="../../../../../PojectUnreal/PLUSIEURS/FATUnreal/UnrealFinalProject/Content/FirstPersonBP/Maps/FirstPersonExampleMap.umap" TEMPLATE=0 SHOWPROGRESS=1 FEATURELEVEL=3
[2019.12.10-13.15.37:546][  0]LightingResults: New page: Lighting Build
[2019.12.10-13.15.37:547][  0]LogWorld: UWorld::CleanupWorld for Untitled, bSessionEnded=true, bCleanupResources=true
[2019.12.10-13.15.37:547][  0]MapCheck: New page: Map Check
[2019.12.10-13.15.37:547][  0]LightingResults: New page: Lighting Build
[2019.12.10-13.15.37:575][  0]LogUObjectHash: Compacting FUObjectHashTables data took   1.32ms
[2019.12.10-13.15.40:534][  0]LogAIModule: Creating AISystem for world FirstPersonExampleMap
[2019.12.10-13.15.40:663][  0]LogEditorServer: Finished looking for orphan Actors (0.000 secs)
[2019.12.10-13.15.40:692][  0]LogUObjectHash: Compacting FUObjectHashTables data took   1.81ms
[2019.12.10-13.15.40:693][  0]Cmd: MAP CHECKDEP NOCLEARLOG
[2019.12.10-13.15.40:693][  0]MapCheck: Map check complete: 0 Error(s), 0 Warning(s), took 0,072ms to complete.
[2019.12.10-13.15.40:693][  0]LogFileHelpers: Loading map 'FirstPersonExampleMap' took 3.147
[2019.12.10-13.15.41:190][  0]LogSlate: Updating window title bar state: overlay mode, drag disabled, window buttons hidden, title bar hidden
[2019.12.10-13.15.41:212][  0]LogSlate: Updating window title bar state: overlay mode, drag disabled, window buttons hidden, title bar hidden
[2019.12.10-13.15.41:218][  0]LogSlate: Updating window title bar state: overlay mode, drag disabled, window buttons hidden, title bar hidden
[2019.12.10-13.15.41:223][  0]LogSlate: Updating window title bar state: overlay mode, drag disabled, window buttons hidden, title bar hidden
[2019.12.10-13.15.41:232][  0]LogCollectionManager: Loaded 0 collections in 0.001201 seconds
[2019.12.10-13.15.41:287][  0]LogFileCache: Scanning file cache for directory 'D:/PojectUnreal/PLUSIEURS/FATUnreal/UnrealFinalProject/Saved/Collections/' took 0.00s
[2019.12.10-13.15.41:287][  0]LogFileCache: Scanning file cache for directory 'D:/PojectUnreal/PLUSIEURS/FATUnreal/UnrealFinalProject/Content/Developers/clement/Collections/' took 0.00s
[2019.12.10-13.15.41:287][  0]LogFileCache: Scanning file cache for directory 'D:/PojectUnreal/PLUSIEURS/FATUnreal/UnrealFinalProject/Content/Collections/' took 0.00s
[2019.12.10-13.15.41:287][  0]LogCollectionManager: Rebuilt the GUID cache for 0 collections in 0.000002 seconds
[2019.12.10-13.15.41:294][  0]LogContentBrowser: Native class hierarchy populated in 0.0068 seconds. Added 2863 classes and 680 folders.
[2019.12.10-13.15.41:330][  0]LogContentBrowser: Native class hierarchy updated for 'WidgetCarousel' in 0.0002 seconds. Added 0 classes and 0 folders.
[2019.12.10-13.15.42:148][  0]LogContentBrowser: Native class hierarchy updated for 'AddContentDialog' in 0.0003 seconds. Added 0 classes and 0 folders.
[2019.12.10-13.15.42:205][  0]LogContentBrowser: Native class hierarchy updated for 'SceneOutliner' in 0.0002 seconds. Added 1 classes and 2 folders.
[2019.12.10-13.15.42:955][  0]LogSlate: Took 0.000217 seconds to synchronously load lazily loaded font '../../../Engine/Content/Slate/Fonts/Roboto-Regular.ttf' (155K)
[2019.12.10-13.15.42:958][  0]LogSlate: Took 0.000186 seconds to synchronously load lazily loaded font '../../../Engine/Content/Slate/Fonts/Roboto-Bold.ttf' (160K)
[2019.12.10-13.15.43:005][  0]LogSlate: Took 0.017064 seconds to synchronously load lazily loaded font '../../../Engine/Content/Editor/Slate/Fonts/FontAwesome.ttf' (139K)
[2019.12.10-13.15.43:312][  0]LogRenderer: Reallocating scene render targets to support 1112x624 Format 9 NumSamples 1 (Frame:1).
[2019.12.10-13.15.43:483][  0]LogContentBrowser: Native class hierarchy updated for 'HierarchicalLODOutliner' in 0.0002 seconds. Added 0 classes and 0 folders.
[2019.12.10-13.15.43:483][  0]LogLoad: (Engine Initialization) Total time: 11.73 seconds
[2019.12.10-13.15.43:483][  0]LogLoad: (Engine Initialization) Total Blueprint compile time: 0.00 seconds
[2019.12.10-13.15.43:570][  0]LogContentStreaming: Texture pool size now 800 MB
[2019.12.10-13.15.43:611][  0]LogSlate: Took 0.032265 seconds to synchronously load lazily loaded font '../../../Engine/Content/Slate/Fonts/Roboto-Light.ttf' (167K)
[2019.12.10-13.15.43:842][  4]LogAssetRegistry: Asset discovery search completed in 8.9858 seconds
[2019.12.10-13.15.43:846][  4]LogCollectionManager: Rebuilt the object cache for 0 collections in 0.000004 seconds (found 0 objects)
[2019.12.10-13.15.43:846][  4]LogCollectionManager: Fixed up redirectors for 0 collections in 0.000072 seconds (updated 0 objects)
[2019.12.10-13.15.53:522][129]LogSlate: FSceneViewport::OnFocusLost() reason 0
[2019.12.10-13.16.17:710][978]LogSlate: Took 0.000344 seconds to synchronously load lazily loaded font '../../../Engine/Content/Slate/Fonts/Roboto-Light.ttf' (167K)
[2019.12.10-13.16.17:717][978]LogAssetEditorManager: Opening Asset editor for World /Game/Maps/MapsClement.MapsClement
[2019.12.10-13.16.17:767][978]LogUObjectHash: Compacting FUObjectHashTables data took   1.22ms
[2019.12.10-13.16.19:876][978]LogSlate: Window 'Save Content' being destroyed
[2019.12.10-13.16.19:882][978]Cmd: OBJ SAVEPACKAGE PACKAGE="/Game/Maps/MapsClement" FILE="../../../../../PojectUnreal/PLUSIEURS/FATUnreal/UnrealFinalProject/Content/Maps/MapsClement.umap" SILENT=true AUTOSAVING=false KEEPDIRTY=false
[2019.12.10-13.16.19:918][978]LogUObjectHash: Compacting FUObjectHashTables data took   0.76ms
[2019.12.10-13.16.19:955][978]LogSavePackage: Moving '../../../../../PojectUnreal/PLUSIEURS/FATUnreal/UnrealFinalProject/Saved/MapsClement7BE30E6E4F742B5A152D23BE9B958F87.tmp' to '../../../../../PojectUnreal/PLUSIEURS/FATUnreal/UnrealFinalProject/Content/Maps/MapsClement.umap'
[2019.12.10-13.16.19:989][978]LogFileHelpers: Saving map 'MapsClement' took 0.107
[2019.12.10-13.16.19:992][978]Cmd: MAP LOAD FILE="../../../../../PojectUnreal/PLUSIEURS/FATUnreal/UnrealFinalProject/Content/Maps/MapsClement.umap" TEMPLATE=0 SHOWPROGRESS=1 FEATURELEVEL=3
[2019.12.10-13.16.19:992][978]LightingResults: New page: Lighting Build
[2019.12.10-13.16.19:992][978]LoadErrors: New page: Loading map: MapsClement.umap
[2019.12.10-13.16.19:993][978]LogWorld: UWorld::CleanupWorld for FirstPersonExampleMap, bSessionEnded=true, bCleanupResources=true
[2019.12.10-13.16.19:995][978]MapCheck: New page: Map Check
[2019.12.10-13.16.19:995][978]LightingResults: New page: Lighting Build
[2019.12.10-13.16.20:023][978]LogUObjectHash: Compacting FUObjectHashTables data took   1.77ms
[2019.12.10-13.16.20:076][978]LogEditorServer: Finished looking for orphan Actors (0.000 secs)
[2019.12.10-13.16.20:076][978]LogAIModule: Creating AISystem for world MapsClement
[2019.12.10-13.16.20:103][978]LogUObjectHash: Compacting FUObjectHashTables data took   1.11ms
[2019.12.10-13.16.20:124][978]Cmd: MAP CHECKDEP NOCLEARLOG
[2019.12.10-13.16.20:125][978]MapCheck: Map check complete: 0 Error(s), 0 Warning(s), took 0,084ms to complete.
[2019.12.10-13.16.20:126][978]LogFileHelpers: Loading map 'MapsClement' took 0.135
[2019.12.10-13.16.27:072][789]LogObjectTools: Deleting 1 worlds: /Game/Maps/MapsClement.MapsClement
[2019.12.10-13.16.27:072][789]LogObjectTools: Currently 1 active worlds: /Game/Maps/MapsClement.MapsClement
[2019.12.10-13.16.29:811][789]LogSlate: Window 'Unable to delete level' being destroyed
[2019.12.10-13.16.34:017][284]LogAIModule: Creating AISystem for world FirstPersonExampleMap
[2019.12.10-13.16.34:039][284]LogAssetEditorManager: Opening Asset editor for World /Game/FirstPersonBP/Maps/FirstPersonExampleMap.FirstPersonExampleMap
[2019.12.10-13.16.34:063][284]LogUObjectHash: Compacting FUObjectHashTables data took   1.40ms
[2019.12.10-13.16.34:064][284]Cmd: MAP LOAD FILE="../../../../../PojectUnreal/PLUSIEURS/FATUnreal/UnrealFinalProject/Content/FirstPersonBP/Maps/FirstPersonExampleMap.umap" TEMPLATE=0 SHOWPROGRESS=1 FEATURELEVEL=3
[2019.12.10-13.16.34:064][284]LightingResults: New page: Lighting Build
[2019.12.10-13.16.34:064][284]LoadErrors: New page: Loading map: FirstPersonExampleMap.umap
[2019.12.10-13.16.34:064][284]LogWorld: UWorld::CleanupWorld for MapsClement, bSessionEnded=true, bCleanupResources=true
[2019.12.10-13.16.34:064][284]MapCheck: New page: Map Check
[2019.12.10-13.16.34:064][284]LightingResults: New page: Lighting Build
[2019.12.10-13.16.34:091][284]LogUObjectHash: Compacting FUObjectHashTables data took   1.58ms
[2019.12.10-13.16.34:174][284]LogEditorServer: Finished looking for orphan Actors (0.000 secs)
[2019.12.10-13.16.34:203][284]LogUObjectHash: Compacting FUObjectHashTables data took   1.33ms
[2019.12.10-13.16.34:224][284]Cmd: MAP CHECKDEP NOCLEARLOG
[2019.12.10-13.16.34:224][284]MapCheck: Map check complete: 0 Error(s), 0 Warning(s), took 0,076ms to complete.
[2019.12.10-13.16.34:224][284]LogFileHelpers: Loading map 'FirstPersonExampleMap' took 0.160
[2019.12.10-13.16.36:961][591]LogAIModule: Creating AISystem for world MapsClement
[2019.12.10-13.16.36:961][591]LogObjectTools: Deleting 1 worlds: /Game/Maps/MapsClement.MapsClement
[2019.12.10-13.16.36:961][591]LogObjectTools: Currently 1 active worlds: /Game/FirstPersonBP/Maps/FirstPersonExampleMap.FirstPersonExampleMap
[2019.12.10-13.16.36:985][591]LogUObjectHash: Compacting FUObjectHashTables data took   0.57ms
[2019.12.10-13.16.38:046][591]LogSlate: Window 'Delete Assets' being destroyed
[2019.12.10-13.16.38:178][591]LogUObjectHash: Compacting FUObjectHashTables data took   0.60ms
[2019.12.10-13.16.38:207][591]LogUObjectHash: Compacting FUObjectHashTables data took   0.57ms
[2019.12.10-13.16.38:230][591]LogUObjectHash: Compacting FUObjectHashTables data took   0.52ms
[2019.12.10-13.16.44:699][908]LogSlate: Window 'New Level' being destroyed
[2019.12.10-13.16.44:705][908]Cmd: MAP LOAD FILE="../../../Engine/Content/Maps/Templates/Template_Default.umap" TEMPLATE=1 SHOWPROGRESS=1 FEATURELEVEL=3
[2019.12.10-13.16.44:727][908]LightingResults: New page: Lighting Build
[2019.12.10-13.16.44:727][908]LoadErrors: New page: Loading map: Template_Default.umap
[2019.12.10-13.16.44:728][908]LogWorld: UWorld::CleanupWorld for FirstPersonExampleMap, bSessionEnded=true, bCleanupResources=true
[2019.12.10-13.16.44:728][908]MapCheck: New page: Map Check
[2019.12.10-13.16.44:728][908]LightingResults: New page: Lighting Build
[2019.12.10-13.16.44:755][908]LogUObjectHash: Compacting FUObjectHashTables data took   1.55ms
[2019.12.10-13.16.44:771][908]LogAIModule: Creating AISystem for world Untitled_1
[2019.12.10-13.16.44:868][908]LogEditorServer: Finished looking for orphan Actors (0.000 secs)
[2019.12.10-13.16.44:896][908]LogUObjectHash: Compacting FUObjectHashTables data took   1.40ms
[2019.12.10-13.16.44:902][908]Cmd: MAP CHECKDEP NOCLEARLOG
[2019.12.10-13.16.44:902][908]MapCheck: Map check complete: 0 Error(s), 0 Warning(s), took 0,089ms to complete.
[2019.12.10-13.16.44:902][908]LogFileHelpers: Loading map 'Template_Default' took 0.197
[2019.12.10-13.17.03:851][788]LogSlate: Window 'Save Level As' being destroyed
[2019.12.10-13.17.03:913][788]LogUObjectHash: Compacting FUObjectHashTables data took   1.52ms
[2019.12.10-13.17.03:915][788]Cmd: OBJ SAVEPACKAGE PACKAGE="/Game/Maps/MapsClement" FILE="../../../../../PojectUnreal/PLUSIEURS/FATUnreal/UnrealFinalProject/Content/Maps/MapsClement.umap" SILENT=true AUTOSAVING=false KEEPDIRTY=false
[2019.12.10-13.17.03:940][788]LogUObjectHash: Compacting FUObjectHashTables data took   1.14ms
[2019.12.10-13.17.04:163][788]LogSavePackage: Moving '../../../../../PojectUnreal/PLUSIEURS/FATUnreal/UnrealFinalProject/Saved/MapsClementD40D936B48A523B1EE50118C55974411.tmp' to '../../../../../PojectUnreal/PLUSIEURS/FATUnreal/UnrealFinalProject/Content/Maps/MapsClement.umap'
[2019.12.10-13.17.04:187][788]Cmd: OBJ SAVEPACKAGE PACKAGE="/Game/Maps/MapsClement_BuiltData" FILE="../../../../../PojectUnreal/PLUSIEURS/FATUnreal/UnrealFinalProject/Content/Maps/MapsClement_BuiltData.uasset" SILENT=true
[2019.12.10-13.17.04:216][788]LogSavePackage: Moving '../../../../../PojectUnreal/PLUSIEURS/FATUnreal/UnrealFinalProject/Saved/MapsClement_BuiltData59647F7B42BBAE2FADA9A1B24BE7865C.tmp' to '../../../../../PojectUnreal/PLUSIEURS/FATUnreal/UnrealFinalProject/Content/Maps/MapsClement_BuiltData.uasset'
[2019.12.10-13.17.04:223][788]LogFileHelpers: Saving map 'MapsClement' took 0.365
[2019.12.10-13.17.08:506][260]LogUObjectHash: Compacting FUObjectHashTables data took   1.61ms
[2019.12.10-13.17.08:577][260]LogAIModule: Creating AISystem for world MapsClement_2
[2019.12.10-13.17.09:435][342]LogUObjectHash: Compacting FUObjectHashTables data took   1.66ms
[2019.12.10-13.17.09:506][342]LogAIModule: Creating AISystem for world MapsClement_3
[2019.12.10-13.17.12:043][625]LogUObjectHash: Compacting FUObjectHashTables data took   1.51ms
[2019.12.10-13.17.12:114][625]LogAIModule: Creating AISystem for world MapsClement_4
[2019.12.10-13.17.13:451][781]LogUObjectHash: Compacting FUObjectHashTables data took   1.71ms
[2019.12.10-13.17.13:522][781]LogAIModule: Creating AISystem for world MapsClement_5
[2019.12.10-13.17.25:566][184]LogUObjectHash: Compacting FUObjectHashTables data took   1.65ms
[2019.12.10-13.17.25:566][184]LogMetaData: Removing '/Game/Maps/MapsAntoine.SKEL_MapsAntoine_C' ref from Metadata '/Game/Maps/MapsClement_2.PackageMetaData'
[2019.12.10-13.17.25:566][184]LogMetaData: Removing '/Game/Maps/MapsAntoine.MapsAntoine_C' ref from Metadata '/Game/Maps/MapsClement_2.PackageMetaData'
[2019.12.10-13.17.25:589][184]Cmd: OBJ SAVEPACKAGE PACKAGE="/Game/Maps/MapsAntoine" FILE="../../../../../PojectUnreal/PLUSIEURS/FATUnreal/UnrealFinalProject/Content/Maps/MapsAntoine.umap" SILENT=true AUTOSAVING=false KEEPDIRTY=false
[2019.12.10-13.17.25:620][184]LogUObjectHash: Compacting FUObjectHashTables data took   1.44ms
[2019.12.10-13.17.25:704][184]LogSavePackage: Moving '../../../../../PojectUnreal/PLUSIEURS/FATUnreal/UnrealFinalProject/Saved/MapsAntoine7C28006640236887B0A965861770BA8A.tmp' to '../../../../../PojectUnreal/PLUSIEURS/FATUnreal/UnrealFinalProject/Content/Maps/MapsAntoine.umap'
[2019.12.10-13.17.25:708][184]LogFileHelpers: Saving map 'MapsAntoine' took 0.119
[2019.12.10-13.17.25:803][184]LogUObjectHash: Compacting FUObjectHashTables data took   1.72ms
[2019.12.10-13.17.25:834][184]LogUObjectHash: Compacting FUObjectHashTables data took   1.35ms
[2019.12.10-13.17.25:859][184]LogUObjectHash: Compacting FUObjectHashTables data took   0.63ms
[2019.12.10-13.17.35:079][265]LogUObjectHash: Compacting FUObjectHashTables data took   1.49ms
[2019.12.10-13.17.35:079][265]LogMetaData: Removing '/Game/Maps/MapsKillian.SKEL_MapsKillian_C' ref from Metadata '/Game/Maps/MapsClement_3.PackageMetaData'
[2019.12.10-13.17.35:079][265]LogMetaData: Removing '/Game/Maps/MapsKillian.MapsKillian_C' ref from Metadata '/Game/Maps/MapsClement_3.PackageMetaData'
[2019.12.10-13.17.35:099][265]Cmd: OBJ SAVEPACKAGE PACKAGE="/Game/Maps/MapsKillian" FILE="../../../../../PojectUnreal/PLUSIEURS/FATUnreal/UnrealFinalProject/Content/Maps/MapsKillian.umap" SILENT=true AUTOSAVING=false KEEPDIRTY=false
[2019.12.10-13.17.35:129][265]LogUObjectHash: Compacting FUObjectHashTables data took   1.36ms
[2019.12.10-13.17.35:217][265]LogSavePackage: Moving '../../../../../PojectUnreal/PLUSIEURS/FATUnreal/UnrealFinalProject/Saved/MapsKillianFB54C5184C389D28EFD61A970E020B94.tmp' to '../../../../../PojectUnreal/PLUSIEURS/FATUnreal/UnrealFinalProject/Content/Maps/MapsKillian.umap'
[2019.12.10-13.17.35:221][265]LogFileHelpers: Saving map 'MapsKillian' took 0.122
[2019.12.10-13.17.35:316][265]LogUObjectHash: Compacting FUObjectHashTables data took   1.49ms
[2019.12.10-13.17.35:346][265]LogUObjectHash: Compacting FUObjectHashTables data took   1.29ms
[2019.12.10-13.17.35:370][265]LogUObjectHash: Compacting FUObjectHashTables data took   0.57ms
[2019.12.10-13.17.48:050][758]LogUObjectHash: Compacting FUObjectHashTables data took   1.67ms
[2019.12.10-13.17.48:050][758]LogMetaData: Removing '/Game/Maps/MapsMaxime.SKEL_MapsMaxime_C' ref from Metadata '/Game/Maps/MapsClement_5.PackageMetaData'
[2019.12.10-13.17.48:050][758]LogMetaData: Removing '/Game/Maps/MapsMaxime.MapsMaxime_C' ref from Metadata '/Game/Maps/MapsClement_5.PackageMetaData'
[2019.12.10-13.17.48:072][758]Cmd: OBJ SAVEPACKAGE PACKAGE="/Game/Maps/MapsMaxime" FILE="../../../../../PojectUnreal/PLUSIEURS/FATUnreal/UnrealFinalProject/Content/Maps/MapsMaxime.umap" SILENT=true AUTOSAVING=false KEEPDIRTY=false
[2019.12.10-13.17.48:104][758]LogUObjectHash: Compacting FUObjectHashTables data took   1.47ms
[2019.12.10-13.17.48:194][758]LogSavePackage: Moving '../../../../../PojectUnreal/PLUSIEURS/FATUnreal/UnrealFinalProject/Saved/MapsMaxime5AE18DBC4C94ED072EF0E2BFA950FC33.tmp' to '../../../../../PojectUnreal/PLUSIEURS/FATUnreal/UnrealFinalProject/Content/Maps/MapsMaxime.umap'
[2019.12.10-13.17.48:198][758]LogFileHelpers: Saving map 'MapsMaxime' took 0.127
[2019.12.10-13.17.48:290][758]LogUObjectHash: Compacting FUObjectHashTables data took   1.49ms
[2019.12.10-13.17.48:321][758]LogUObjectHash: Compacting FUObjectHashTables data took   1.25ms
[2019.12.10-13.17.48:344][758]LogUObjectHash: Compacting FUObjectHashTables data took   0.52ms
[2019.12.10-13.17.57:418][810]LogUObjectHash: Compacting FUObjectHashTables data took   1.66ms
[2019.12.10-13.17.57:418][810]LogMetaData: Removing '/Game/Maps/MapsLilian.SKEL_MapsLilian_C' ref from Metadata '/Game/Maps/MapsClement_4.PackageMetaData'
[2019.12.10-13.17.57:418][810]LogMetaData: Removing '/Game/Maps/MapsLilian.MapsLilian_C' ref from Metadata '/Game/Maps/MapsClement_4.PackageMetaData'
[2019.12.10-13.17.57:440][810]Cmd: OBJ SAVEPACKAGE PACKAGE="/Game/Maps/MapsLilian" FILE="../../../../../PojectUnreal/PLUSIEURS/FATUnreal/UnrealFinalProject/Content/Maps/MapsLilian.umap" SILENT=true AUTOSAVING=false KEEPDIRTY=false
[2019.12.10-13.17.57:472][810]LogUObjectHash: Compacting FUObjectHashTables data took   1.45ms
[2019.12.10-13.17.57:561][810]LogSavePackage: Moving '../../../../../PojectUnreal/PLUSIEURS/FATUnreal/UnrealFinalProject/Saved/MapsLilianA1E7EA2F4CB04AA87F1406AA30428FB0.tmp' to '../../../../../PojectUnreal/PLUSIEURS/FATUnreal/UnrealFinalProject/Content/Maps/MapsLilian.umap'
[2019.12.10-13.17.57:565][810]LogFileHelpers: Saving map 'MapsLilian' took 0.126
[2019.12.10-13.17.57:661][810]LogUObjectHash: Compacting FUObjectHashTables data took   1.67ms
[2019.12.10-13.17.57:692][810]LogUObjectHash: Compacting FUObjectHashTables data took   1.44ms
[2019.12.10-13.17.57:717][810]LogUObjectHash: Compacting FUObjectHashTables data took   0.56ms
[2019.12.10-13.18.01:978][297]LogUObjectHash: Compacting FUObjectHashTables data took   1.66ms
[2019.12.10-13.18.02:053][297]LogAIModule: Creating AISystem for world MapsMaxime_2
[2019.12.10-13.18.35:369][265]LogUObjectHash: Compacting FUObjectHashTables data took   1.74ms
[2019.12.10-13.18.35:369][265]LogMetaData: Removing '/Game/Maps/MapsEmma.SKEL_MapsEmma_C' ref from Metadata '/Game/Maps/MapsMaxime_2.PackageMetaData'
[2019.12.10-13.18.35:369][265]LogMetaData: Removing '/Game/Maps/MapsEmma.MapsEmma_C' ref from Metadata '/Game/Maps/MapsMaxime_2.PackageMetaData'
[2019.12.10-13.18.35:391][265]Cmd: OBJ SAVEPACKAGE PACKAGE="/Game/Maps/MapsEmma" FILE="../../../../../PojectUnreal/PLUSIEURS/FATUnreal/UnrealFinalProject/Content/Maps/MapsEmma.umap" SILENT=true AUTOSAVING=false KEEPDIRTY=false
[2019.12.10-13.18.35:423][265]LogUObjectHash: Compacting FUObjectHashTables data took   1.42ms
[2019.12.10-13.18.35:511][265]LogSavePackage: Moving '../../../../../PojectUnreal/PLUSIEURS/FATUnreal/UnrealFinalProject/Saved/MapsEmmaC428468347A2B36CB1CDAFB5D9EBF335.tmp' to '../../../../../PojectUnreal/PLUSIEURS/FATUnreal/UnrealFinalProject/Content/Maps/MapsEmma.umap'
[2019.12.10-13.18.35:516][265]LogFileHelpers: Saving map 'MapsEmma' took 0.124
[2019.12.10-13.18.35:613][265]LogUObjectHash: Compacting FUObjectHashTables data took   1.51ms
[2019.12.10-13.18.35:643][265]LogUObjectHash: Compacting FUObjectHashTables data took   1.40ms
[2019.12.10-13.18.35:666][265]LogUObjectHash: Compacting FUObjectHashTables data took   0.59ms
[2019.12.10-13.18.46:786][575]LogAssetEditorManager: Opening Asset editor for World /Game/Maps/MapsClement.MapsClement
[2019.12.10-13.18.46:810][575]LogUObjectHash: Compacting FUObjectHashTables data took   0.52ms
[2019.12.10-13.18.46:811][575]Cmd: MAP LOAD FILE="../../../../../PojectUnreal/PLUSIEURS/FATUnreal/UnrealFinalProject/Content/Maps/MapsClement.umap" TEMPLATE=0 SHOWPROGRESS=1 FEATURELEVEL=3
[2019.12.10-13.18.46:811][575]LightingResults: New page: Lighting Build
[2019.12.10-13.18.46:811][575]LoadErrors: New page: Loading map: MapsClement.umap
[2019.12.10-13.18.46:812][575]LogWorld: UWorld::CleanupWorld for MapsClement, bSessionEnded=true, bCleanupResources=true
[2019.12.10-13.18.46:812][575]MapCheck: New page: Map Check
[2019.12.10-13.18.46:812][575]LightingResults: New page: Lighting Build
[2019.12.10-13.18.46:839][575]LogUObjectHash: Compacting FUObjectHashTables data took   1.70ms
[2019.12.10-13.18.46:867][575]LogUObjectHash: Compacting FUObjectHashTables data took   1.78ms
[2019.12.10-13.18.46:894][575]LogUObjectHash: Compacting FUObjectHashTables data took   1.52ms
[2019.12.10-13.18.46:922][575]LogUObjectHash: Compacting FUObjectHashTables data took   1.38ms
[2019.12.10-13.18.46:950][575]LogUObjectHash: Compacting FUObjectHashTables data took   1.38ms
[2019.12.10-13.18.46:979][575]LogUObjectHash: Compacting FUObjectHashTables data took   1.28ms
[2019.12.10-13.18.47:008][575]LogUObjectHash: Compacting FUObjectHashTables data took   1.31ms
[2019.12.10-13.18.47:016][575]LogAIModule: Creating AISystem for world MapsClement
[2019.12.10-13.18.47:102][575]LogEditorServer: Finished looking for orphan Actors (0.000 secs)
[2019.12.10-13.18.47:131][575]LogUObjectHash: Compacting FUObjectHashTables data took   1.30ms
[2019.12.10-13.18.47:150][575]Cmd: MAP CHECKDEP NOCLEARLOG
[2019.12.10-13.18.47:150][575]MapCheck: Map check complete: 0 Error(s), 0 Warning(s), took 0,065ms to complete.
[2019.12.10-13.18.47:151][575]LogFileHelpers: Loading map 'MapsClement' took 0.341
[2019.12.10-13.18.50:725][986]Cmd: OBJ SAVEPACKAGE PACKAGE="/Game/Maps/MapsClement" FILE="../../../../../PojectUnreal/PLUSIEURS/FATUnreal/UnrealFinalProject/Content/Maps/MapsClement.umap" SILENT=true AUTOSAVING=false KEEPDIRTY=false
[2019.12.10-13.18.50:751][986]LogUObjectHash: Compacting FUObjectHashTables data took   0.61ms
[2019.12.10-13.18.50:859][986]LogSavePackage: Moving '../../../../../PojectUnreal/PLUSIEURS/FATUnreal/UnrealFinalProject/Saved/MapsClement84DD83E24AFC6C5AAD98DE848B2D1E94.tmp' to '../../../../../PojectUnreal/PLUSIEURS/FATUnreal/UnrealFinalProject/Content/Maps/MapsClement.umap'
[2019.12.10-13.18.50:883][986]Cmd: OBJ SAVEPACKAGE PACKAGE="/Game/Maps/MapsClement_BuiltData" FILE="../../../../../PojectUnreal/PLUSIEURS/FATUnreal/UnrealFinalProject/Content/Maps/MapsClement_BuiltData.uasset" SILENT=true
[2019.12.10-13.18.50:914][986]LogSavePackage: Moving '../../../../../PojectUnreal/PLUSIEURS/FATUnreal/UnrealFinalProject/Saved/MapsClement_BuiltData4C6DB4684D4B4B8945980EBC9506C66D.tmp' to '../../../../../PojectUnreal/PLUSIEURS/FATUnreal/UnrealFinalProject/Content/Maps/MapsClement_BuiltData.uasset'
[2019.12.10-13.19.00:477][389]Cmd: OBJ SAVEPACKAGE PACKAGE="/Game/Maps/MapsClement" FILE="../../../../../PojectUnreal/PLUSIEURS/FATUnreal/UnrealFinalProject/Content/Maps/MapsClement.umap" SILENT=true AUTOSAVING=false KEEPDIRTY=false
[2019.12.10-13.19.00:510][389]LogUObjectHash: Compacting FUObjectHashTables data took   2.07ms
[2019.12.10-13.19.00:656][389]LogSavePackage: Moving '../../../../../PojectUnreal/PLUSIEURS/FATUnreal/UnrealFinalProject/Saved/MapsClement8881AA944C5FA7ABADF8D1968AFDE7A7.tmp' to '../../../../../PojectUnreal/PLUSIEURS/FATUnreal/UnrealFinalProject/Content/Maps/MapsClement.umap'
[2019.12.10-13.19.00:702][389]Cmd: OBJ SAVEPACKAGE PACKAGE="/Game/Maps/MapsClement_BuiltData" FILE="../../../../../PojectUnreal/PLUSIEURS/FATUnreal/UnrealFinalProject/Content/Maps/MapsClement_BuiltData.uasset" SILENT=true
[2019.12.10-13.19.00:723][389]LogSavePackage: Moving '../../../../../PojectUnreal/PLUSIEURS/FATUnreal/UnrealFinalProject/Saved/MapsClement_BuiltDataC21731114EA2DE8AB79BDEBD712B6C7E.tmp' to '../../../../../PojectUnreal/PLUSIEURS/FATUnreal/UnrealFinalProject/Content/Maps/MapsClement_BuiltData.uasset'
