Log file open, 12/15/19 20:46:48
LogWindows: Failed to load 'aqProf.dll' (GetLastError=126)
LogWindows: File 'aqProf.dll' does not exist
LogWindows: Failed to load 'VtuneApi.dll' (GetLastError=126)
LogWindows: File 'VtuneApi.dll' does not exist
LogWindows: Failed to load 'VtuneApi32e.dll' (GetLastError=126)
LogWindows: File 'VtuneApi32e.dll' does not exist
LogConsoleResponse: Display: Failed to find resolution value strings in scalability ini. Falling back to default.
LogInit: Display: Running engine for game: UnrealFinalProject
LogPlatformFile: Not using cached read wrapper
LogTaskGraph: Started task graph with 5 named threads and 35 total threads with 3 sets of task threads.
LogStats: Stats thread started at 0.074892
LogD3D11RHI: Loaded GFSDK_Aftermath_Lib.x64.dll
LogICUInternationalization: ICU TimeZone Detection - Raw Offset: +1:00, Platform Override: ''
LogPluginManager: Mounting plugin Paper2D
LogPluginManager: Mounting plugin AISupport
LogPluginManager: Mounting plugin LightPropagationVolume
LogPluginManager: Mounting plugin ActorLayerUtilities
LogPluginManager: Mounting plugin AnimationSharing
LogPluginManager: Mounting plugin CLionSourceCodeAccess
LogPluginManager: Mounting plugin CodeLiteSourceCodeAccess
LogPluginManager: Mounting plugin GitSourceControl
LogPluginManager: Mounting plugin KDevelopSourceCodeAccess
LogPluginManager: Mounting plugin NullSourceCodeAccess
LogPluginManager: Mounting plugin PerforceSourceControl
LogPluginManager: Mounting plugin SubversionSourceControl
LogPluginManager: Mounting plugin UObjectPlugin
LogPluginManager: Mounting plugin VisualStudioCodeSourceCodeAccess
LogPluginManager: Mounting plugin VisualStudioSourceCodeAccess
LogPluginManager: Mounting plugin XCodeSourceCodeAccess
LogPluginManager: Mounting plugin AssetManagerEditor
LogPluginManager: Mounting plugin CryptoKeys
LogPluginManager: Mounting plugin CurveEditorTools
LogPluginManager: Mounting plugin DataValidation
LogPluginManager: Mounting plugin FacialAnimation
LogPluginManager: Mounting plugin GameplayTagsEditor
LogPluginManager: Mounting plugin MacGraphicsSwitching
LogPluginManager: Mounting plugin MaterialAnalyzer
LogPluginManager: Mounting plugin MobileLauncherProfileWizard
LogPluginManager: Mounting plugin PluginBrowser
LogPluginManager: Mounting plugin SpeedTreeImporter
LogPluginManager: Mounting plugin DatasmithContent
LogPluginManager: Mounting plugin VariantManagerContent
LogPluginManager: Mounting plugin AlembicImporter
LogPluginManager: Mounting plugin AutomationUtils
LogPluginManager: Mounting plugin BackChannel
LogPluginManager: Mounting plugin CharacterAI
LogPluginManager: Mounting plugin GeometryCache
LogPluginManager: Mounting plugin HTML5Networking
LogPluginManager: Mounting plugin PlatformCrypto
LogPluginManager: Mounting plugin ProxyLODPlugin
LogPluginManager: Mounting plugin SkeletalReduction
LogPluginManager: Mounting plugin MagicLeap
LogPluginManager: Mounting plugin MagicLeapMedia
LogPluginManager: Mounting plugin AndroidMedia
LogPluginManager: Mounting plugin AvfMedia
LogPluginManager: Mounting plugin ImgMedia
LogPluginManager: Mounting plugin MediaCompositing
LogPluginManager: Mounting plugin MediaPlayerEditor
LogPluginManager: Mounting plugin WebMMedia
LogPluginManager: Mounting plugin WmfMedia
LogPluginManager: Mounting plugin TcpMessaging
LogPluginManager: Mounting plugin UdpMessaging
LogPluginManager: Mounting plugin ActorSequence
LogPluginManager: Mounting plugin LevelSequenceEditor
LogPluginManager: Mounting plugin MatineeToLevelSequence
LogPluginManager: Mounting plugin NetcodeUnitTest
LogPluginManager: Mounting plugin NUTUnrealEngine4
LogPluginManager: Mounting plugin OnlineSubsystemGooglePlay
LogPluginManager: Mounting plugin OnlineSubsystemIOS
LogPluginManager: Mounting plugin OnlineSubsystem
LogPluginManager: Mounting plugin OnlineSubsystemNull
LogPluginManager: Mounting plugin OnlineSubsystemUtils
LogPluginManager: Mounting plugin LauncherChunkInstaller
LogPluginManager: Mounting plugin AndroidDeviceProfileSelector
LogPluginManager: Mounting plugin AndroidMoviePlayer
LogPluginManager: Mounting plugin AndroidPermission
LogPluginManager: Mounting plugin AppleImageUtils
LogPluginManager: Mounting plugin AppleMoviePlayer
LogPluginManager: Mounting plugin ArchVisCharacter
LogPluginManager: Mounting plugin AudioCapture
LogPluginManager: Mounting plugin CableComponent
LogPluginManager: Mounting plugin CustomMeshComponent
LogPluginManager: Mounting plugin EditableMesh
LogPluginManager: Mounting plugin ExampleDeviceProfileSelector
LogPluginManager: Mounting plugin GoogleCloudMessaging
LogPluginManager: Mounting plugin IOSDeviceProfileSelector
LogPluginManager: Mounting plugin LinuxDeviceProfileSelector
LogPluginManager: Mounting plugin LocationServicesBPLibrary
LogPluginManager: Mounting plugin MobilePatchingUtils
LogPluginManager: Mounting plugin OculusVR
LogPluginManager: Mounting plugin PhysXVehicles
LogPluginManager: Mounting plugin ProceduralMeshComponent
LogPluginManager: Mounting plugin RuntimePhysXCooking
LogPluginManager: Mounting plugin SignificanceManager
LogPluginManager: Mounting plugin SteamVR
LogPluginManager: Mounting plugin WebMMoviePlayer
LogPluginManager: Mounting plugin WindowsMoviePlayer
LogPluginManager: Mounting plugin ScreenshotTools
LogInit: Using libcurl 7.55.1-DEV
LogInit:  - built for x86_64-pc-win32
LogInit:  - supports SSL with OpenSSL/1.1.1
LogInit:  - supports HTTP deflate (compression) using libz 1.2.8
LogInit:  - other features:
LogInit:      CURL_VERSION_SSL
LogInit:      CURL_VERSION_LIBZ
LogInit:      CURL_VERSION_IPV6
LogInit:      CURL_VERSION_ASYNCHDNS
LogInit:      CURL_VERSION_LARGEFILE
LogInit:      CURL_VERSION_IDN
LogInit:  CurlRequestOptions (configurable via config and command line):
LogInit:  - bVerifyPeer = true  - Libcurl will verify peer certificate
LogInit:  - bUseHttpProxy = false  - Libcurl will NOT use HTTP proxy
LogInit:  - bDontReuseConnections = false  - Libcurl will reuse connections
LogInit:  - MaxHostConnections = 16  - Libcurl will limit the number of connections to a host
LogInit:  - LocalHostAddr = Default
LogInit:  - BufferSize = 65536
LogOnline: OSS: Creating online subsystem instance for: NULL
LogInit: WinSock: version 1.1 (2.2), MaxSocks=32767, MaxUdp=65467
LogHMD: Failed initializing OVRPlugin 1.37.0
LogInit: Build: ++UE4+Release-4.23-CL-8386587
LogInit: Engine Version: 4.23.0-8386587+++UE4+Release-4.23
LogInit: Compatible Engine Version: 4.23.0-8386587+++UE4+Release-4.23
LogInit: Net CL: 8386587
LogInit: OS: Windows 10 (Release 1903) (), CPU: Intel(R) Core(TM) i7-8750H CPU @ 2.20GHz, GPU: Intel(R) UHD Graphics 630
LogInit: Compiled (64-bit): Aug 31 2019 02:04:44
LogInit: Compiled with Visual C++: 19.16.27030.01
LogInit: Build Configuration: Development
LogInit: Branch Name: ++UE4+Release-4.23
LogInit: Command Line:  -EpicPortal -epicusername=squeletteur -epicuserid=2227822f153e45a5a73df5de1eed9347 -epiclocale=fr-FR
LogInit: Base Directory: D:/logiciel/iréél/UE_4.23/Engine/Binaries/Win64/
LogInit: Installed Engine Build: 1
LogDevObjectVersion: Number of dev versions registered: 23
LogDevObjectVersion:   Dev-Blueprints (B0D832E4-1F89-4F0D-ACCF-7EB736FD4AA2): 10
LogDevObjectVersion:   Dev-Build (E1C64328-A22C-4D53-A36C-8E866417BD8C): 0
LogDevObjectVersion:   Dev-Core (375EC13C-06E4-48FB-B500-84F0262A717E): 3
LogDevObjectVersion:   Dev-Editor (E4B068ED-F494-42E9-A231-DA0B2E46BB41): 34
LogDevObjectVersion:   Dev-Framework (CFFC743F-43B0-4480-9391-14DF171D2073): 35
LogDevObjectVersion:   Dev-Mobile (B02B49B5-BB20-44E9-A304-32B752E40360): 2
LogDevObjectVersion:   Dev-Networking (A4E4105C-59A1-49B5-A7C5-40C4547EDFEE): 0
LogDevObjectVersion:   Dev-Online (39C831C9-5AE6-47DC-9A44-9C173E1C8E7C): 0
LogDevObjectVersion:   Dev-Physics (78F01B33-EBEA-4F98-B9B4-84EACCB95AA2): 0
LogDevObjectVersion:   Dev-Platform (6631380F-2D4D-43E0-8009-CF276956A95A): 0
LogDevObjectVersion:   Dev-Rendering (12F88B9F-8875-4AFC-A67C-D90C383ABD29): 31
LogDevObjectVersion:   Dev-Sequencer (7B5AE74C-D270-4C10-A958-57980B212A5A): 11
LogDevObjectVersion:   Dev-VR (D7296918-1DD6-4BDD-9DE2-64A83CC13884): 2
LogDevObjectVersion:   Dev-LoadTimes (C2A15278-BFE7-4AFE-6C17-90FF531DF755): 1
LogDevObjectVersion:   Private-Geometry (6EACA3D4-40EC-4CC1-B786-8BED09428FC5): 3
LogDevObjectVersion:   Dev-AnimPhys (29E575DD-E0A3-4627-9D10-D276232CDCEA): 17
LogDevObjectVersion:   Dev-Anim (AF43A65D-7FD3-4947-9873-3E8ED9C1BB05): 2
LogDevObjectVersion:   Dev-ReflectionCapture (6B266CEC-1EC7-4B8F-A30B-E4D90942FC07): 1
LogDevObjectVersion:   Dev-Automation (0DF73D61-A23F-47EA-B727-89E90C41499A): 1
LogDevObjectVersion:   FortniteMain (601D1886-AC64-4F84-AA16-D3DE0DEAC7D6): 27
LogDevObjectVersion:   Dev-Enterprise (9DFFBCD6-494F-0158-E221-12823C92A888): 6
LogDevObjectVersion:   Dev-Niagara (F2AED0AC-9AFE-416F-8664-AA7FFA26D6FC): 1
LogDevObjectVersion:   Dev-Destruction (174F1F0B-B4C6-45A5-B13F-2EE8D0FB917D): 9
LogInit: Presizing for max 16777216 objects, including 0 objects not considered by GC, pre-allocating 0 bytes for permanent pool.
LogInit: Object subsystem initialized
LogConfig: Setting CVar [[con.DebugEarlyDefault:1]]
LogConfig: Setting CVar [[r.setres:1280x720]]
[2019.12.15-19.46.48:809][  0]LogConfig: Setting CVar [[r.VSync:0]]
[2019.12.15-19.46.48:809][  0]LogConfig: Setting CVar [[r.RHICmdBypass:0]]
[2019.12.15-19.46.48:809][  0]LogConfig: Applying CVar settings from Section [/Script/Engine.RendererSettings] File [D:/travail/projets/unreal/UnrealFinalProject/Saved/Config/Windows/Engine.ini]
[2019.12.15-19.46.48:809][  0]LogConfig: Setting CVar [[r.GPUCrashDebugging:0]]
[2019.12.15-19.46.48:809][  0]LogConfig: Applying CVar settings from Section [/Script/Engine.RendererOverrideSettings] File [D:/travail/projets/unreal/UnrealFinalProject/Saved/Config/Windows/Engine.ini]
[2019.12.15-19.46.48:809][  0]LogConfig: Applying CVar settings from Section [/Script/Engine.StreamingSettings] File [D:/travail/projets/unreal/UnrealFinalProject/Saved/Config/Windows/Engine.ini]
[2019.12.15-19.46.48:809][  0]LogConfig: Setting CVar [[s.MinBulkDataSizeForAsyncLoading:131072]]
[2019.12.15-19.46.48:809][  0]LogConfig: Setting CVar [[s.AsyncLoadingThreadEnabled:0]]
[2019.12.15-19.46.48:809][  0]LogConfig: Setting CVar [[s.EventDrivenLoaderEnabled:1]]
[2019.12.15-19.46.48:809][  0]LogConfig: Setting CVar [[s.WarnIfTimeLimitExceeded:0]]
[2019.12.15-19.46.48:809][  0]LogConfig: Setting CVar [[s.TimeLimitExceededMultiplier:1.5]]
[2019.12.15-19.46.48:809][  0]LogConfig: Setting CVar [[s.TimeLimitExceededMinTime:0.005]]
[2019.12.15-19.46.48:809][  0]LogConfig: Setting CVar [[s.UseBackgroundLevelStreaming:1]]
[2019.12.15-19.46.48:809][  0]LogConfig: Setting CVar [[s.PriorityAsyncLoadingExtraTime:15.0]]
[2019.12.15-19.46.48:809][  0]LogConfig: Setting CVar [[s.LevelStreamingActorsUpdateTimeLimit:5.0]]
[2019.12.15-19.46.48:810][  0]LogConfig: Setting CVar [[s.PriorityLevelStreamingActorsUpdateExtraTime:5.0]]
[2019.12.15-19.46.48:810][  0]LogConfig: Setting CVar [[s.LevelStreamingComponentsRegistrationGranularity:10]]
[2019.12.15-19.46.48:810][  0]LogConfig: Setting CVar [[s.UnregisterComponentsTimeLimit:1.0]]
[2019.12.15-19.46.48:810][  0]LogConfig: Setting CVar [[s.LevelStreamingComponentsUnregistrationGranularity:5]]
[2019.12.15-19.46.48:810][  0]LogConfig: Applying CVar settings from Section [/Script/Engine.GarbageCollectionSettings] File [D:/travail/projets/unreal/UnrealFinalProject/Saved/Config/Windows/Engine.ini]
[2019.12.15-19.46.48:810][  0]LogConfig: Setting CVar [[gc.MaxObjectsNotConsideredByGC:1]]
[2019.12.15-19.46.48:810][  0]LogConfig: Setting CVar [[gc.SizeOfPermanentObjectPool:0]]
[2019.12.15-19.46.48:810][  0]LogConfig: Setting CVar [[gc.FlushStreamingOnGC:0]]
[2019.12.15-19.46.48:810][  0]LogConfig: Setting CVar [[gc.NumRetriesBeforeForcingGC:10]]
[2019.12.15-19.46.48:810][  0]LogConfig: Setting CVar [[gc.AllowParallelGC:1]]
[2019.12.15-19.46.48:810][  0]LogConfig: Setting CVar [[gc.TimeBetweenPurgingPendingKillObjects:61.1]]
[2019.12.15-19.46.48:810][  0]LogConfig: Setting CVar [[gc.MaxObjectsInEditor:16777216]]
[2019.12.15-19.46.48:810][  0]LogConfig: Setting CVar [[gc.IncrementalBeginDestroyEnabled:1]]
[2019.12.15-19.46.48:810][  0]LogConfig: Setting CVar [[gc.CreateGCClusters:1]]
[2019.12.15-19.46.48:810][  0]LogConfig: Setting CVar [[gc.MinGCClusterSize:5]]
[2019.12.15-19.46.48:810][  0]LogConfig: Setting CVar [[gc.ActorClusteringEnabled:0]]
[2019.12.15-19.46.48:810][  0]LogConfig: Setting CVar [[gc.BlueprintClusteringEnabled:0]]
[2019.12.15-19.46.48:810][  0]LogConfig: Setting CVar [[gc.UseDisregardForGCOnDedicatedServers:0]]
[2019.12.15-19.46.48:810][  0]LogConfig: Applying CVar settings from Section [/Script/Engine.NetworkSettings] File [D:/travail/projets/unreal/UnrealFinalProject/Saved/Config/Windows/Engine.ini]
[2019.12.15-19.46.48:810][  0]LogConfig: Applying CVar settings from Section [/Script/UnrealEd.CookerSettings] File [D:/travail/projets/unreal/UnrealFinalProject/Saved/Config/Windows/Engine.ini]
[2019.12.15-19.46.48:813][  0]LogConfig: Applying CVar settings from Section [ViewDistanceQuality@3] File [D:/travail/projets/unreal/UnrealFinalProject/Saved/Config/Windows/Scalability.ini]
[2019.12.15-19.46.48:813][  0]LogConfig: Setting CVar [[r.SkeletalMeshLODBias:0]]
[2019.12.15-19.46.48:813][  0]LogConfig: Setting CVar [[r.ViewDistanceScale:1.0]]
[2019.12.15-19.46.48:813][  0]LogConfig: Applying CVar settings from Section [AntiAliasingQuality@3] File [D:/travail/projets/unreal/UnrealFinalProject/Saved/Config/Windows/Scalability.ini]
[2019.12.15-19.46.48:813][  0]LogConfig: Setting CVar [[r.PostProcessAAQuality:4]]
[2019.12.15-19.46.48:813][  0]LogConfig: Applying CVar settings from Section [ShadowQuality@3] File [D:/travail/projets/unreal/UnrealFinalProject/Saved/Config/Windows/Scalability.ini]
[2019.12.15-19.46.48:813][  0]LogConfig: Setting CVar [[r.LightFunctionQuality:1]]
[2019.12.15-19.46.48:813][  0]LogConfig: Setting CVar [[r.ShadowQuality:5]]
[2019.12.15-19.46.48:813][  0]LogConfig: Setting CVar [[r.Shadow.CSM.MaxCascades:10]]
[2019.12.15-19.46.48:813][  0]LogConfig: Setting CVar [[r.Shadow.MaxResolution:2048]]
[2019.12.15-19.46.48:813][  0]LogConfig: Setting CVar [[r.Shadow.MaxCSMResolution:2048]]
[2019.12.15-19.46.48:813][  0]LogConfig: Setting CVar [[r.Shadow.RadiusThreshold:0.01]]
[2019.12.15-19.46.48:813][  0]LogConfig: Setting CVar [[r.Shadow.DistanceScale:1.0]]
[2019.12.15-19.46.48:813][  0]LogConfig: Setting CVar [[r.Shadow.CSM.TransitionScale:1.0]]
[2019.12.15-19.46.48:813][  0]LogConfig: Setting CVar [[r.Shadow.PreShadowResolutionFactor:1.0]]
[2019.12.15-19.46.48:813][  0]LogConfig: Setting CVar [[r.DistanceFieldShadowing:1]]
[2019.12.15-19.46.48:813][  0]LogConfig: Setting CVar [[r.DistanceFieldAO:1]]
[2019.12.15-19.46.48:813][  0]LogConfig: Setting CVar [[r.AOQuality:2]]
[2019.12.15-19.46.48:813][  0]LogConfig: Setting CVar [[r.VolumetricFog:1]]
[2019.12.15-19.46.48:813][  0]LogConfig: Setting CVar [[r.VolumetricFog.GridPixelSize:8]]
[2019.12.15-19.46.48:813][  0]LogConfig: Setting CVar [[r.VolumetricFog.GridSizeZ:128]]
[2019.12.15-19.46.48:813][  0]LogConfig: Setting CVar [[r.VolumetricFog.HistoryMissSupersampleCount:4]]
[2019.12.15-19.46.48:813][  0]LogConfig: Setting CVar [[r.LightMaxDrawDistanceScale:1]]
[2019.12.15-19.46.48:813][  0]LogConfig: Setting CVar [[r.CapsuleShadows:1]]
[2019.12.15-19.46.48:813][  0]LogConfig: Applying CVar settings from Section [PostProcessQuality@3] File [D:/travail/projets/unreal/UnrealFinalProject/Saved/Config/Windows/Scalability.ini]
[2019.12.15-19.46.48:813][  0]LogConfig: Setting CVar [[r.MotionBlurQuality:4]]
[2019.12.15-19.46.48:813][  0]LogConfig: Setting CVar [[r.AmbientOcclusionMipLevelFactor:0.4]]
[2019.12.15-19.46.48:814][  0]LogConfig: Setting CVar [[r.AmbientOcclusionMaxQuality:100]]
[2019.12.15-19.46.48:814][  0]LogConfig: Setting CVar [[r.AmbientOcclusionLevels:-1]]
[2019.12.15-19.46.48:814][  0]LogConfig: Setting CVar [[r.AmbientOcclusionRadiusScale:1.0]]
[2019.12.15-19.46.48:814][  0]LogConfig: Setting CVar [[r.DepthOfFieldQuality:2]]
[2019.12.15-19.46.48:814][  0]LogConfig: Setting CVar [[r.RenderTargetPoolMin:400]]
[2019.12.15-19.46.48:814][  0]LogConfig: Setting CVar [[r.LensFlareQuality:2]]
[2019.12.15-19.46.48:814][  0]LogConfig: Setting CVar [[r.SceneColorFringeQuality:1]]
[2019.12.15-19.46.48:814][  0]LogConfig: Setting CVar [[r.EyeAdaptationQuality:2]]
[2019.12.15-19.46.48:814][  0]LogConfig: Setting CVar [[r.BloomQuality:5]]
[2019.12.15-19.46.48:814][  0]LogConfig: Setting CVar [[r.FastBlurThreshold:100]]
[2019.12.15-19.46.48:814][  0]LogConfig: Setting CVar [[r.Upscale.Quality:3]]
[2019.12.15-19.46.48:814][  0]LogConfig: Setting CVar [[r.Tonemapper.GrainQuantization:1]]
[2019.12.15-19.46.48:814][  0]LogConfig: Setting CVar [[r.LightShaftQuality:1]]
[2019.12.15-19.46.48:814][  0]LogConfig: Setting CVar [[r.Filter.SizeScale:1]]
[2019.12.15-19.46.48:814][  0]LogConfig: Setting CVar [[r.Tonemapper.Quality:5]]
[2019.12.15-19.46.48:814][  0]LogConfig: Setting CVar [[r.DOF.Gather.AccumulatorQuality:1        ; higher gathering accumulator quality]]
[2019.12.15-19.46.48:814][  0]LogConfig: Setting CVar [[r.DOF.Gather.PostfilterMethod:1          ; Median3x3 postfilering method]]
[2019.12.15-19.46.48:814][  0]LogConfig: Setting CVar [[r.DOF.Gather.EnableBokehSettings:0       ; no bokeh simulation when gathering]]
[2019.12.15-19.46.48:814][  0]LogConfig: Setting CVar [[r.DOF.Gather.RingCount:4                 ; medium number of samples when gathering]]
[2019.12.15-19.46.48:814][  0]LogConfig: Setting CVar [[r.DOF.Scatter.ForegroundCompositing:1    ; additive foreground scattering]]
[2019.12.15-19.46.48:814][  0]LogConfig: Setting CVar [[r.DOF.Scatter.BackgroundCompositing:2    ; additive background scattering]]
[2019.12.15-19.46.48:814][  0]LogConfig: Setting CVar [[r.DOF.Scatter.EnableBokehSettings:1      ; bokeh simulation when scattering]]
[2019.12.15-19.46.48:814][  0]LogConfig: Setting CVar [[r.DOF.Scatter.MaxSpriteRatio:0.1         ; only a maximum of 10% of scattered bokeh]]
[2019.12.15-19.46.48:814][  0]LogConfig: Setting CVar [[r.DOF.Recombine.Quality:1                ; cheap slight out of focus]]
[2019.12.15-19.46.48:814][  0]LogConfig: Setting CVar [[r.DOF.Recombine.EnableBokehSettings:0    ; no bokeh simulation on slight out of focus]]
[2019.12.15-19.46.48:814][  0]LogConfig: Setting CVar [[r.DOF.TemporalAAQuality:1                ; more stable temporal accumulation]]
[2019.12.15-19.46.48:814][  0]LogConfig: Setting CVar [[r.DOF.Kernel.MaxForegroundRadius:0.025]]
[2019.12.15-19.46.48:814][  0]LogConfig: Setting CVar [[r.DOF.Kernel.MaxBackgroundRadius:0.025]]
[2019.12.15-19.46.48:814][  0]LogConfig: Applying CVar settings from Section [TextureQuality@3] File [D:/travail/projets/unreal/UnrealFinalProject/Saved/Config/Windows/Scalability.ini]
[2019.12.15-19.46.48:814][  0]LogConfig: Setting CVar [[r.Streaming.MipBias:0]]
[2019.12.15-19.46.48:814][  0]LogConfig: Setting CVar [[r.Streaming.AmortizeCPUToGPUCopy:0]]
[2019.12.15-19.46.48:814][  0]LogConfig: Setting CVar [[r.Streaming.MaxNumTexturesToStreamPerFrame:0]]
[2019.12.15-19.46.48:814][  0]LogConfig: Setting CVar [[r.Streaming.Boost:1]]
[2019.12.15-19.46.48:814][  0]LogConfig: Setting CVar [[r.MaxAnisotropy:8]]
[2019.12.15-19.46.48:814][  0]LogConfig: Setting CVar [[r.Streaming.LimitPoolSizeToVRAM:0]]
[2019.12.15-19.46.48:814][  0]LogConfig: Setting CVar [[r.Streaming.PoolSize:1000]]
[2019.12.15-19.46.48:814][  0]LogConfig: Setting CVar [[r.Streaming.MaxEffectiveScreenSize:0]]
[2019.12.15-19.46.48:814][  0]LogConfig: Applying CVar settings from Section [EffectsQuality@3] File [D:/travail/projets/unreal/UnrealFinalProject/Saved/Config/Windows/Scalability.ini]
[2019.12.15-19.46.48:814][  0]LogConfig: Setting CVar [[r.TranslucencyLightingVolumeDim:64]]
[2019.12.15-19.46.48:814][  0]LogConfig: Setting CVar [[r.RefractionQuality:2]]
[2019.12.15-19.46.48:814][  0]LogConfig: Setting CVar [[r.SSR.Quality:3]]
[2019.12.15-19.46.48:814][  0]LogConfig: Setting CVar [[r.SceneColorFormat:4]]
[2019.12.15-19.46.48:814][  0]LogConfig: Setting CVar [[r.DetailMode:2]]
[2019.12.15-19.46.48:814][  0]LogConfig: Setting CVar [[r.TranslucencyVolumeBlur:1]]
[2019.12.15-19.46.48:814][  0]LogConfig: Setting CVar [[r.MaterialQualityLevel:1 ; High quality]]
[2019.12.15-19.46.48:814][  0]LogConfig: Setting CVar [[r.SSS.Scale:1]]
[2019.12.15-19.46.48:814][  0]LogConfig: Setting CVar [[r.SSS.SampleSet:2]]
[2019.12.15-19.46.48:814][  0]LogConfig: Setting CVar [[r.SSS.Quality:1]]
[2019.12.15-19.46.48:814][  0]LogConfig: Setting CVar [[r.SSS.HalfRes:1]]
[2019.12.15-19.46.48:814][  0]LogConfig: Setting CVar [[r.EmitterSpawnRateScale:1.0]]
[2019.12.15-19.46.48:814][  0]LogConfig: Setting CVar [[r.ParticleLightQuality:2]]
[2019.12.15-19.46.48:814][  0]LogConfig: Applying CVar settings from Section [FoliageQuality@3] File [D:/travail/projets/unreal/UnrealFinalProject/Saved/Config/Windows/Scalability.ini]
[2019.12.15-19.46.48:814][  0]LogConfig: Setting CVar [[foliage.DensityScale:1.0]]
[2019.12.15-19.46.48:814][  0]LogConfig: Setting CVar [[grass.DensityScale:1.0]]
[2019.12.15-19.46.48:814][  0]LogInit: Selected Device Profile: [Windows]
[2019.12.15-19.46.48:814][  0]LogInit: Applying CVar settings loaded from the selected device profile: [Windows]
[2019.12.15-19.46.48:816][  0]LogHAL: Display: Platform has ~ 16 GB [17018638336 / 17179869184 / 16], which maps to Larger [LargestMinGB=32, LargerMinGB=12, DefaultMinGB=8, SmallerMinGB=6, SmallestMinGB=0)
[2019.12.15-19.46.48:816][  0]LogInit: Going up to parent DeviceProfile []
[2019.12.15-19.46.48:816][  0]LogConfig: Applying CVar settings from Section [ViewDistanceQuality@3] File [D:/travail/projets/unreal/UnrealFinalProject/Saved/Config/Windows/Scalability.ini]
[2019.12.15-19.46.48:816][  0]LogConfig: Setting CVar [[r.SkeletalMeshLODBias:0]]
[2019.12.15-19.46.48:816][  0]LogConfig: Setting CVar [[r.ViewDistanceScale:1.0]]
[2019.12.15-19.46.48:817][  0]LogConfig: Applying CVar settings from Section [AntiAliasingQuality@3] File [D:/travail/projets/unreal/UnrealFinalProject/Saved/Config/Windows/Scalability.ini]
[2019.12.15-19.46.48:817][  0]LogConfig: Setting CVar [[r.PostProcessAAQuality:4]]
[2019.12.15-19.46.48:817][  0]LogConfig: Applying CVar settings from Section [ShadowQuality@3] File [D:/travail/projets/unreal/UnrealFinalProject/Saved/Config/Windows/Scalability.ini]
[2019.12.15-19.46.48:817][  0]LogConfig: Setting CVar [[r.LightFunctionQuality:1]]
[2019.12.15-19.46.48:817][  0]LogConfig: Setting CVar [[r.ShadowQuality:5]]
[2019.12.15-19.46.48:817][  0]LogConfig: Setting CVar [[r.Shadow.CSM.MaxCascades:10]]
[2019.12.15-19.46.48:817][  0]LogConfig: Setting CVar [[r.Shadow.MaxResolution:2048]]
[2019.12.15-19.46.48:817][  0]LogConfig: Setting CVar [[r.Shadow.MaxCSMResolution:2048]]
[2019.12.15-19.46.48:817][  0]LogConfig: Setting CVar [[r.Shadow.RadiusThreshold:0.01]]
[2019.12.15-19.46.48:817][  0]LogConfig: Setting CVar [[r.Shadow.DistanceScale:1.0]]
[2019.12.15-19.46.48:817][  0]LogConfig: Setting CVar [[r.Shadow.CSM.TransitionScale:1.0]]
[2019.12.15-19.46.48:817][  0]LogConfig: Setting CVar [[r.Shadow.PreShadowResolutionFactor:1.0]]
[2019.12.15-19.46.48:817][  0]LogConfig: Setting CVar [[r.DistanceFieldShadowing:1]]
[2019.12.15-19.46.48:817][  0]LogConfig: Setting CVar [[r.DistanceFieldAO:1]]
[2019.12.15-19.46.48:817][  0]LogConfig: Setting CVar [[r.AOQuality:2]]
[2019.12.15-19.46.48:817][  0]LogConfig: Setting CVar [[r.VolumetricFog:1]]
[2019.12.15-19.46.48:817][  0]LogConfig: Setting CVar [[r.VolumetricFog.GridPixelSize:8]]
[2019.12.15-19.46.48:817][  0]LogConfig: Setting CVar [[r.VolumetricFog.GridSizeZ:128]]
[2019.12.15-19.46.48:817][  0]LogConfig: Setting CVar [[r.VolumetricFog.HistoryMissSupersampleCount:4]]
[2019.12.15-19.46.48:817][  0]LogConfig: Setting CVar [[r.LightMaxDrawDistanceScale:1]]
[2019.12.15-19.46.48:817][  0]LogConfig: Setting CVar [[r.CapsuleShadows:1]]
[2019.12.15-19.46.48:817][  0]LogConfig: Applying CVar settings from Section [PostProcessQuality@3] File [D:/travail/projets/unreal/UnrealFinalProject/Saved/Config/Windows/Scalability.ini]
[2019.12.15-19.46.48:817][  0]LogConfig: Setting CVar [[r.MotionBlurQuality:4]]
[2019.12.15-19.46.48:817][  0]LogConfig: Setting CVar [[r.AmbientOcclusionMipLevelFactor:0.4]]
[2019.12.15-19.46.48:817][  0]LogConfig: Setting CVar [[r.AmbientOcclusionMaxQuality:100]]
[2019.12.15-19.46.48:817][  0]LogConfig: Setting CVar [[r.AmbientOcclusionLevels:-1]]
[2019.12.15-19.46.48:817][  0]LogConfig: Setting CVar [[r.AmbientOcclusionRadiusScale:1.0]]
[2019.12.15-19.46.48:817][  0]LogConfig: Setting CVar [[r.DepthOfFieldQuality:2]]
[2019.12.15-19.46.48:817][  0]LogConfig: Setting CVar [[r.RenderTargetPoolMin:400]]
[2019.12.15-19.46.48:817][  0]LogConfig: Setting CVar [[r.LensFlareQuality:2]]
[2019.12.15-19.46.48:817][  0]LogConfig: Setting CVar [[r.SceneColorFringeQuality:1]]
[2019.12.15-19.46.48:817][  0]LogConfig: Setting CVar [[r.EyeAdaptationQuality:2]]
[2019.12.15-19.46.48:817][  0]LogConfig: Setting CVar [[r.BloomQuality:5]]
[2019.12.15-19.46.48:817][  0]LogConfig: Setting CVar [[r.FastBlurThreshold:100]]
[2019.12.15-19.46.48:817][  0]LogConfig: Setting CVar [[r.Upscale.Quality:3]]
[2019.12.15-19.46.48:817][  0]LogConfig: Setting CVar [[r.Tonemapper.GrainQuantization:1]]
[2019.12.15-19.46.48:817][  0]LogConfig: Setting CVar [[r.LightShaftQuality:1]]
[2019.12.15-19.46.48:817][  0]LogConfig: Setting CVar [[r.Filter.SizeScale:1]]
[2019.12.15-19.46.48:817][  0]LogConfig: Setting CVar [[r.Tonemapper.Quality:5]]
[2019.12.15-19.46.48:817][  0]LogConfig: Setting CVar [[r.DOF.Gather.AccumulatorQuality:1        ; higher gathering accumulator quality]]
[2019.12.15-19.46.48:817][  0]LogConfig: Setting CVar [[r.DOF.Gather.PostfilterMethod:1          ; Median3x3 postfilering method]]
[2019.12.15-19.46.48:817][  0]LogConfig: Setting CVar [[r.DOF.Gather.EnableBokehSettings:0       ; no bokeh simulation when gathering]]
[2019.12.15-19.46.48:817][  0]LogConfig: Setting CVar [[r.DOF.Gather.RingCount:4                 ; medium number of samples when gathering]]
[2019.12.15-19.46.48:817][  0]LogConfig: Setting CVar [[r.DOF.Scatter.ForegroundCompositing:1    ; additive foreground scattering]]
[2019.12.15-19.46.48:817][  0]LogConfig: Setting CVar [[r.DOF.Scatter.BackgroundCompositing:2    ; additive background scattering]]
[2019.12.15-19.46.48:817][  0]LogConfig: Setting CVar [[r.DOF.Scatter.EnableBokehSettings:1      ; bokeh simulation when scattering]]
[2019.12.15-19.46.48:817][  0]LogConfig: Setting CVar [[r.DOF.Scatter.MaxSpriteRatio:0.1         ; only a maximum of 10% of scattered bokeh]]
[2019.12.15-19.46.48:817][  0]LogConfig: Setting CVar [[r.DOF.Recombine.Quality:1                ; cheap slight out of focus]]
[2019.12.15-19.46.48:817][  0]LogConfig: Setting CVar [[r.DOF.Recombine.EnableBokehSettings:0    ; no bokeh simulation on slight out of focus]]
[2019.12.15-19.46.48:817][  0]LogConfig: Setting CVar [[r.DOF.TemporalAAQuality:1                ; more stable temporal accumulation]]
[2019.12.15-19.46.48:817][  0]LogConfig: Setting CVar [[r.DOF.Kernel.MaxForegroundRadius:0.025]]
[2019.12.15-19.46.48:817][  0]LogConfig: Setting CVar [[r.DOF.Kernel.MaxBackgroundRadius:0.025]]
[2019.12.15-19.46.48:817][  0]LogConfig: Applying CVar settings from Section [TextureQuality@3] File [D:/travail/projets/unreal/UnrealFinalProject/Saved/Config/Windows/Scalability.ini]
[2019.12.15-19.46.48:817][  0]LogConfig: Setting CVar [[r.Streaming.MipBias:0]]
[2019.12.15-19.46.48:817][  0]LogConfig: Setting CVar [[r.Streaming.AmortizeCPUToGPUCopy:0]]
[2019.12.15-19.46.48:817][  0]LogConfig: Setting CVar [[r.Streaming.MaxNumTexturesToStreamPerFrame:0]]
[2019.12.15-19.46.48:817][  0]LogConfig: Setting CVar [[r.Streaming.Boost:1]]
[2019.12.15-19.46.48:817][  0]LogConfig: Setting CVar [[r.MaxAnisotropy:8]]
[2019.12.15-19.46.48:817][  0]LogConfig: Setting CVar [[r.Streaming.LimitPoolSizeToVRAM:0]]
[2019.12.15-19.46.48:817][  0]LogConfig: Setting CVar [[r.Streaming.PoolSize:1000]]
[2019.12.15-19.46.48:817][  0]LogConfig: Setting CVar [[r.Streaming.MaxEffectiveScreenSize:0]]
[2019.12.15-19.46.48:817][  0]LogConfig: Applying CVar settings from Section [EffectsQuality@3] File [D:/travail/projets/unreal/UnrealFinalProject/Saved/Config/Windows/Scalability.ini]
[2019.12.15-19.46.48:817][  0]LogConfig: Setting CVar [[r.TranslucencyLightingVolumeDim:64]]
[2019.12.15-19.46.48:817][  0]LogConfig: Setting CVar [[r.RefractionQuality:2]]
[2019.12.15-19.46.48:817][  0]LogConfig: Setting CVar [[r.SSR.Quality:3]]
[2019.12.15-19.46.48:817][  0]LogConfig: Setting CVar [[r.SceneColorFormat:4]]
[2019.12.15-19.46.48:817][  0]LogConfig: Setting CVar [[r.DetailMode:2]]
[2019.12.15-19.46.48:817][  0]LogConfig: Setting CVar [[r.TranslucencyVolumeBlur:1]]
[2019.12.15-19.46.48:817][  0]LogConfig: Setting CVar [[r.MaterialQualityLevel:1 ; High quality]]
[2019.12.15-19.46.48:817][  0]LogConfig: Setting CVar [[r.SSS.Scale:1]]
[2019.12.15-19.46.48:817][  0]LogConfig: Setting CVar [[r.SSS.SampleSet:2]]
[2019.12.15-19.46.48:817][  0]LogConfig: Setting CVar [[r.SSS.Quality:1]]
[2019.12.15-19.46.48:817][  0]LogConfig: Setting CVar [[r.SSS.HalfRes:1]]
[2019.12.15-19.46.48:817][  0]LogConfig: Setting CVar [[r.EmitterSpawnRateScale:1.0]]
[2019.12.15-19.46.48:817][  0]LogConfig: Setting CVar [[r.ParticleLightQuality:2]]
[2019.12.15-19.46.48:817][  0]LogConfig: Applying CVar settings from Section [FoliageQuality@3] File [D:/travail/projets/unreal/UnrealFinalProject/Saved/Config/Windows/Scalability.ini]
[2019.12.15-19.46.48:817][  0]LogConfig: Setting CVar [[foliage.DensityScale:1.0]]
[2019.12.15-19.46.48:817][  0]LogConfig: Setting CVar [[grass.DensityScale:1.0]]
[2019.12.15-19.46.48:817][  0]LogConfig: Applying CVar settings from Section [Startup] File [../../../Engine/Config/ConsoleVariables.ini]
[2019.12.15-19.46.48:818][  0]LogConfig: Setting CVar [[net.UseAdaptiveNetUpdateFrequency:0]]
[2019.12.15-19.46.48:818][  0]LogConfig: Setting CVar [[p.chaos.AllowCreatePhysxBodies:1]]
[2019.12.15-19.46.48:818][  0]LogConfig: Applying CVar settings from Section [ConsoleVariables] File [D:/travail/projets/unreal/UnrealFinalProject/Saved/Config/Windows/Engine.ini]
[2019.12.15-19.46.48:818][  0]LogInit: Computer: MSI
[2019.12.15-19.46.48:818][  0]LogInit: User: antoi
[2019.12.15-19.46.48:818][  0]LogInit: CPU Page size=4096, Cores=6
[2019.12.15-19.46.48:818][  0]LogInit: High frequency timer resolution =10.000000 MHz
[2019.12.15-19.46.48:818][  0]LogMemory: Memory total: Physical=15.8GB (16GB approx)
[2019.12.15-19.46.48:818][  0]LogMemory: Platform Memory Stats for Windows
[2019.12.15-19.46.48:818][  0]LogMemory: Process Physical Memory: 106.73 MB used, 106.73 MB peak
[2019.12.15-19.46.48:818][  0]LogMemory: Process Virtual Memory: 105.84 MB used, 105.84 MB peak
[2019.12.15-19.46.48:818][  0]LogMemory: Physical Memory: 10442.52 MB used,  5787.72 MB free, 16230.24 MB total
[2019.12.15-19.46.48:818][  0]LogMemory: Virtual Memory: 4711.39 MB used,  134213016.00 MB free, 134217728.00 MB total
[2019.12.15-19.46.49:185][  0]LogWindows: WindowsPlatformFeatures enabled
[2019.12.15-19.46.49:216][  0]LogInit: Using OS detected language (fr-FR).
[2019.12.15-19.46.49:216][  0]LogInit: Using OS detected locale (fr-FR).
[2019.12.15-19.46.49:217][  0]LogTextLocalizationManager: No specific localization for 'fr-FR' exists, so the 'fr' localization will be used.
[2019.12.15-19.46.49:217][  0]LogTextLocalizationResource: LocRes '../../../Engine/Content/Localization/Editor/fr/Editor.locres' could not be opened for reading!
[2019.12.15-19.46.49:217][  0]LogTextLocalizationResource: LocRes '../../../Engine/Content/Localization/EditorTutorials/fr/EditorTutorials.locres' could not be opened for reading!
[2019.12.15-19.46.49:217][  0]LogTextLocalizationResource: LocRes '../../../Engine/Content/Localization/Keywords/fr/Keywords.locres' could not be opened for reading!
[2019.12.15-19.46.49:217][  0]LogTextLocalizationResource: LocRes '../../../Engine/Content/Localization/Category/fr/Category.locres' could not be opened for reading!
[2019.12.15-19.46.49:217][  0]LogTextLocalizationResource: LocRes '../../../Engine/Content/Localization/ToolTips/fr/ToolTips.locres' could not be opened for reading!
[2019.12.15-19.46.49:217][  0]LogTextLocalizationResource: LocRes '../../../Engine/Content/Localization/PropertyNames/fr/PropertyNames.locres' could not be opened for reading!
[2019.12.15-19.46.49:217][  0]LogTextLocalizationResource: LocRes '../../../Engine/Content/Localization/Engine/fr/Engine.locres' could not be opened for reading!
[2019.12.15-19.46.49:218][  0]LogInit: Setting process to per monitor DPI aware
[2019.12.15-19.46.49:308][  0]LogSlate: New Slate User Created.  User Index 0, Is Virtual User: 0
[2019.12.15-19.46.49:308][  0]LogSlate: Slate User Registered.  User Index 0, Is Virtual User: 0
[2019.12.15-19.46.49:515][  0]LogHMD: Failed to initialize OpenVR with code 126
[2019.12.15-19.46.49:515][  0]LogD3D11RHI: D3D11 adapters:
[2019.12.15-19.46.49:579][  0]LogD3D11RHI:    0. 'NVIDIA GeForce GTX 1060' (Feature Level 11_0)
[2019.12.15-19.46.49:579][  0]LogD3D11RHI:       6052/0/8115 MB DedicatedVideo/DedicatedSystem/SharedSystem, Outputs:2, VendorId:0x10de
[2019.12.15-19.46.49:603][  0]LogD3D11RHI:    1. 'Intel(R) UHD Graphics 630' (Feature Level 11_0)
[2019.12.15-19.46.49:603][  0]LogD3D11RHI:       128/0/8115 MB DedicatedVideo/DedicatedSystem/SharedSystem, Outputs:0, VendorId:0x8086
[2019.12.15-19.46.49:607][  0]LogD3D11RHI:    2. 'Microsoft Basic Render Driver' (Feature Level 11_0)
[2019.12.15-19.46.49:607][  0]LogD3D11RHI:       0/0/8115 MB DedicatedVideo/DedicatedSystem/SharedSystem, Outputs:0, VendorId:0x1414
[2019.12.15-19.46.49:607][  0]LogD3D11RHI: Chosen D3D11 Adapter: 0
[2019.12.15-19.46.49:651][  0]LogD3D11RHI: Creating new Direct3DDevice
[2019.12.15-19.46.49:651][  0]LogD3D11RHI:     GPU DeviceId: 0x1c20 (for the marketing name, search the web for "GPU Device Id")
[2019.12.15-19.46.49:651][  0]LogWindows: EnumDisplayDevices:
[2019.12.15-19.46.49:652][  0]LogWindows:    0. 'Intel(R) UHD Graphics 630' (P:1 D:1)
[2019.12.15-19.46.49:652][  0]LogWindows:    1. 'Intel(R) UHD Graphics 630' (P:0 D:0)
[2019.12.15-19.46.49:652][  0]LogWindows:    2. 'Intel(R) UHD Graphics 630' (P:0 D:0)
[2019.12.15-19.46.49:653][  0]LogWindows:    3. 'NVIDIA GeForce GTX 1060' (P:0 D:1)
[2019.12.15-19.46.49:653][  0]LogWindows:    4. 'NVIDIA GeForce GTX 1060' (P:0 D:0)
[2019.12.15-19.46.49:654][  0]LogWindows:    5. 'NVIDIA GeForce GTX 1060' (P:0 D:0)
[2019.12.15-19.46.49:654][  0]LogWindows:    6. 'NVIDIA GeForce GTX 1060' (P:0 D:0)
[2019.12.15-19.46.49:654][  0]LogWindows: DebugString: PrimaryIsNotTheChoosenAdapter PrimaryIsNotTheChoosenAdapter PrimaryIsNotTheChoosenAdapter FoundDriverCount:4 
[2019.12.15-19.46.49:654][  0]LogD3D11RHI:     Adapter Name: NVIDIA GeForce GTX 1060
[2019.12.15-19.46.49:654][  0]LogD3D11RHI:   Driver Version: 399.01 (internal:24.21.13.9901, unified:399.01)
[2019.12.15-19.46.49:654][  0]LogD3D11RHI:      Driver Date: 8-13-2018
[2019.12.15-19.46.49:654][  0]LogRHI: Texture pool is 4236 MB (70% of 6052 MB)
[2019.12.15-19.46.49:705][  0]LogD3D11RHI: Async texture creation enabled
[2019.12.15-19.46.49:724][  0]LogD3D11RHI: GPU Timing Frequency: 1000.000000 (Debug: 2 2)
[2019.12.15-19.46.50:167][  0]LogTemp: Display: Module 'AllDesktopTargetPlatform' loaded TargetPlatform 'AllDesktop'
[2019.12.15-19.46.50:179][  0]LogTemp: Display: Module 'MacClientTargetPlatform' loaded TargetPlatform 'MacClient'
[2019.12.15-19.46.50:192][  0]LogTemp: Display: Module 'MacNoEditorTargetPlatform' loaded TargetPlatform 'MacNoEditor'
[2019.12.15-19.46.50:204][  0]LogTemp: Display: Module 'MacServerTargetPlatform' loaded TargetPlatform 'MacServer'
[2019.12.15-19.46.50:215][  0]LogTemp: Display: Module 'MacTargetPlatform' loaded TargetPlatform 'Mac'
[2019.12.15-19.46.50:224][  0]LogTemp: Display: Module 'WindowsClientTargetPlatform' loaded TargetPlatform 'WindowsClient'
[2019.12.15-19.46.50:235][  0]LogTemp: Display: Module 'WindowsNoEditorTargetPlatform' loaded TargetPlatform 'WindowsNoEditor'
[2019.12.15-19.46.50:245][  0]LogTemp: Display: Module 'WindowsServerTargetPlatform' loaded TargetPlatform 'WindowsServer'
[2019.12.15-19.46.50:249][  0]LogTemp: Display: Module 'WindowsTargetPlatform' loaded TargetPlatform 'Windows'
[2019.12.15-19.46.50:290][  0]LogTemp: Display: Module 'AndroidTargetPlatform' loaded TargetPlatform 'Android'
[2019.12.15-19.46.50:290][  0]LogTemp: Display: Module 'AndroidTargetPlatform' loaded TargetPlatform 'Android_ASTC'
[2019.12.15-19.46.50:290][  0]LogTemp: Display: Module 'AndroidTargetPlatform' loaded TargetPlatform 'Android_ATC'
[2019.12.15-19.46.50:290][  0]LogTemp: Display: Module 'AndroidTargetPlatform' loaded TargetPlatform 'Android_DXT'
[2019.12.15-19.46.50:290][  0]LogTemp: Display: Module 'AndroidTargetPlatform' loaded TargetPlatform 'Android_ETC1'
[2019.12.15-19.46.50:290][  0]LogTemp: Display: Module 'AndroidTargetPlatform' loaded TargetPlatform 'Android_ETC1a'
[2019.12.15-19.46.50:290][  0]LogTemp: Display: Module 'AndroidTargetPlatform' loaded TargetPlatform 'Android_ETC2'
[2019.12.15-19.46.50:290][  0]LogTemp: Display: Module 'AndroidTargetPlatform' loaded TargetPlatform 'Android_PVRTC'
[2019.12.15-19.46.50:290][  0]LogTemp: Display: Module 'AndroidTargetPlatform' loaded TargetPlatform 'AndroidClient'
[2019.12.15-19.46.50:290][  0]LogTemp: Display: Module 'AndroidTargetPlatform' loaded TargetPlatform 'Android_ASTCClient'
[2019.12.15-19.46.50:290][  0]LogTemp: Display: Module 'AndroidTargetPlatform' loaded TargetPlatform 'Android_ATCClient'
[2019.12.15-19.46.50:290][  0]LogTemp: Display: Module 'AndroidTargetPlatform' loaded TargetPlatform 'Android_DXTClient'
[2019.12.15-19.46.50:290][  0]LogTemp: Display: Module 'AndroidTargetPlatform' loaded TargetPlatform 'Android_ETC1Client'
[2019.12.15-19.46.50:290][  0]LogTemp: Display: Module 'AndroidTargetPlatform' loaded TargetPlatform 'Android_ETC1aClient'
[2019.12.15-19.46.50:290][  0]LogTemp: Display: Module 'AndroidTargetPlatform' loaded TargetPlatform 'Android_ETC2Client'
[2019.12.15-19.46.50:290][  0]LogTemp: Display: Module 'AndroidTargetPlatform' loaded TargetPlatform 'Android_PVRTCClient'
[2019.12.15-19.46.50:290][  0]LogTemp: Display: Module 'AndroidTargetPlatform' loaded TargetPlatform 'Android_Multi'
[2019.12.15-19.46.50:290][  0]LogTemp: Display: Module 'AndroidTargetPlatform' loaded TargetPlatform 'Android_MultiClient'
[2019.12.15-19.46.50:291][  0]LogTemp: Display: Module 'HTML5TargetPlatform' loaded TargetPlatform 'HTML5'
[2019.12.15-19.46.50:311][  0]LogTemp: Display: Module 'IOSTargetPlatform' loaded TargetPlatform 'IOSClient'
[2019.12.15-19.46.50:312][  0]LogTemp: Display: Module 'IOSTargetPlatform' loaded TargetPlatform 'IOS'
[2019.12.15-19.46.50:327][  0]LogTemp: Display: Module 'TVOSTargetPlatform' loaded TargetPlatform 'TVOSClient'
[2019.12.15-19.46.50:327][  0]LogTemp: Display: Module 'TVOSTargetPlatform' loaded TargetPlatform 'TVOS'
[2019.12.15-19.46.50:334][  0]LogTemp: Display: Module 'LinuxClientTargetPlatform' loaded TargetPlatform 'LinuxClient'
[2019.12.15-19.46.50:340][  0]LogTemp: Display: Module 'LinuxNoEditorTargetPlatform' loaded TargetPlatform 'LinuxNoEditor'
[2019.12.15-19.46.50:347][  0]LogTemp: Display: Module 'LinuxServerTargetPlatform' loaded TargetPlatform 'LinuxServer'
[2019.12.15-19.46.50:353][  0]LogTemp: Display: Module 'LinuxTargetPlatform' loaded TargetPlatform 'Linux'
[2019.12.15-19.46.50:375][  0]LogTemp: Display: Module 'LuminTargetPlatform' loaded TargetPlatform 'Lumin'
[2019.12.15-19.46.50:375][  0]LogTemp: Display: Module 'LuminTargetPlatform' loaded TargetPlatform 'LuminClient'
[2019.12.15-19.46.50:375][  0]LogTargetPlatformManager: Display: Building Assets For Windows
[2019.12.15-19.46.50:381][  0]LogAudioDebug: Display: Lib vorbis DLL was dynamically loaded.
[2019.12.15-19.46.50:428][  0]LogShaderCompilers: Guid format shader working directory is -14 characters bigger than the processId version (../../../../../../travail/projets/unreal/UnrealFinalProject/Intermediate/Shaders/WorkingDirectory/16212/).
[2019.12.15-19.46.50:428][  0]LogShaderCompilers: Cleaned the shader compiler working directory 'C:/Users/antoi/AppData/Local/Temp/UnrealShaderWorkingDir/07FBA48D4BBDD440E8E21FB3472BFB2D/'.
[2019.12.15-19.46.50:430][  0]LogXGEController: Cannot use XGE Controller as Incredibuild is not installed on this machine.
[2019.12.15-19.46.50:430][  0]LogShaderCompilers: Cannot use XGE Shader Compiler as Incredibuild is not installed on this machine.
[2019.12.15-19.46.50:430][  0]LogShaderCompilers: Display: Using Local Shader Compiler.
[2019.12.15-19.46.50:981][  0]LogDerivedDataCache: Display: Max Cache Size: 512 MB
[2019.12.15-19.46.51:027][  0]LogDerivedDataCache: Loaded boot cache 0.05s 76MB C:/Users/antoi/AppData/Local/UnrealEngine/4.23/DerivedDataCache/Boot.ddc.
[2019.12.15-19.46.51:027][  0]LogDerivedDataCache: Display: Loaded Boot cache: C:/Users/antoi/AppData/Local/UnrealEngine/4.23/DerivedDataCache/Boot.ddc
[2019.12.15-19.46.51:027][  0]LogDerivedDataCache: FDerivedDataBackendGraph:  Pak pak cache file ../../../../../../travail/projets/unreal/UnrealFinalProject/DerivedDataCache/DDC.ddp not found, will not use a pak cache.
[2019.12.15-19.46.51:027][  0]LogDerivedDataCache: Unable to find inner node Pak for hierarchical cache Hierarchy.
[2019.12.15-19.46.51:027][  0]LogDerivedDataCache: FDerivedDataBackendGraph:  CompressedPak pak cache file ../../../../../../travail/projets/unreal/UnrealFinalProject/DerivedDataCache/Compressed.ddp not found, will not use a pak cache.
[2019.12.15-19.46.51:027][  0]LogDerivedDataCache: Unable to find inner node CompressedPak for hierarchical cache Hierarchy.
[2019.12.15-19.46.51:037][  0]LogDerivedDataCache: Display: Pak cache opened for reading ../../../Engine/DerivedDataCache/Compressed.ddp.
[2019.12.15-19.46.51:037][  0]LogDerivedDataCache: FDerivedDataBackendGraph:  EnterprisePak pak cache file ../../../Enterprise/DerivedDataCache/Compressed.ddp not found, will not use a pak cache.
[2019.12.15-19.46.51:037][  0]LogDerivedDataCache: Unable to find inner node EnterprisePak for hierarchical cache Hierarchy.
[2019.12.15-19.46.51:038][  0]LogDerivedDataCache: Using Local data cache path C:/Users/antoi/AppData/Local/UnrealEngine/Common/DerivedDataCache: Writable
[2019.12.15-19.46.51:038][  0]LogDerivedDataCache: Shared data cache path not found in *engine.ini, will not use an Shared cache.
[2019.12.15-19.46.51:038][  0]LogDerivedDataCache: Unable to find inner node Shared for hierarchical cache Hierarchy.
[2019.12.15-19.46.51:057][  0]LogMaterial: Verifying Global Shaders for PCD3D_SM5
[2019.12.15-19.46.51:060][  0]LogSlate: Using FreeType 2.6.0
[2019.12.15-19.46.51:060][  0]LogSlate: SlateFontServices - WITH_FREETYPE: 1, WITH_HARFBUZZ: 1
[2019.12.15-19.46.51:106][  0]LogAssetRegistry: FAssetRegistry took 0.0021 seconds to start up
[2019.12.15-19.46.51:322][  0]LogInit: Selected Device Profile: [Windows]
[2019.12.15-19.46.51:445][  0]LogMeshReduction: Using QuadricMeshReduction for automatic static mesh reduction
[2019.12.15-19.46.51:445][  0]LogMeshReduction: Using SimplygonMeshReduction for automatic skeletal mesh reduction
[2019.12.15-19.46.51:445][  0]LogMeshReduction: Using ProxyLODMeshReduction for automatic mesh merging
[2019.12.15-19.46.51:445][  0]LogMeshReduction: No distributed automatic mesh merging module available
[2019.12.15-19.46.51:445][  0]LogMeshMerging: No distributed automatic mesh merging module available
[2019.12.15-19.46.51:456][  0]LogNetVersion: UnrealFinalProject 1.0.0, NetCL: 8386587, EngineNetVer: 11, GameNetVer: 0 (Checksum: 2874034460)
[2019.12.15-19.46.51:915][  0]LogPackageLocalizationCache: Processed 12 localized package path(s) for 1 prioritized culture(s) in 0.093395 seconds
[2019.12.15-19.46.51:922][  0]LogUObjectArray: 43444 objects as part of root set at end of initial load.
[2019.12.15-19.46.51:922][  0]LogUObjectAllocator: 7548648 out of 0 bytes used by permanent object pool.
[2019.12.15-19.46.51:922][  0]LogUObjectArray: CloseDisregardForGC: 0/0 objects in disregard for GC pool
[2019.12.15-19.46.52:642][  0]LogTcpMessaging: Initializing TcpMessaging bridge
[2019.12.15-19.46.52:645][  0]LogUdpMessaging: Initializing bridge on interface 0.0.0.0:0 to multicast group 230.0.0.1:6666.
[2019.12.15-19.46.52:687][  0]SourceControl: Source control is disabled
[2019.12.15-19.46.52:687][  0]SourceControl: Source control is disabled
[2019.12.15-19.46.52:688][  0]SourceControl: Source control is disabled
[2019.12.15-19.46.52:689][  0]SourceControl: Source control is disabled
[2019.12.15-19.46.52:777][  0]LogAndroidPermission: UAndroidPermissionCallbackProxy::GetInstance
[2019.12.15-19.46.53:321][  0]LogOcInput: OculusInput pre-init called
[2019.12.15-19.46.53:844][  0]LogEngine: Initializing Engine...
[2019.12.15-19.46.53:871][  0]LogHMD: Failed to initialize OpenVR with code 126
[2019.12.15-19.46.53:872][  0]LogStats: UGameplayTagsManager::InitializeManager -  0.000 s
[2019.12.15-19.46.54:065][  0]LogInit: Initializing FReadOnlyCVARCache
[2019.12.15-19.46.54:074][  0]LogAIModule: Creating AISystem for world Untitled
[2019.12.15-19.46.54:186][  0]LogInit: XAudio2 using 'Haut-parleurs (Realtek(R) Audio)' : 6 channels at 48 kHz using 32 bits per sample (channel mask 0x3f)
[2019.12.15-19.46.54:263][  0]LogInit: FAudioDevice initialized.
[2019.12.15-19.46.54:263][  0]LogNetVersion: Set ProjectVersion to 1.0.0.0. Version Checksum will be recalculated on next use.
[2019.12.15-19.46.54:351][  0]LogDerivedDataCache: Saved boot cache 0.09s 76MB C:/Users/antoi/AppData/Local/UnrealEngine/4.23/DerivedDataCache/Boot.ddc.
[2019.12.15-19.46.54:357][  0]LogInit: Texture streaming: Enabled
[2019.12.15-19.46.54:371][  0]LogEngineSessionManager: EngineSessionManager initialized
[2019.12.15-19.46.54:455][  0]LogInit: Transaction tracking system initialized
[2019.12.15-19.46.54:474][  0]BlueprintLog: New page: Editor Load
[2019.12.15-19.46.54:604][  0]LocalizationService: Localization service is disabled
[2019.12.15-19.46.54:903][  0]LogFileCache: Scanning file cache for directory 'D:/travail/projets/unreal/UnrealFinalProject/Content/' took 0.01s
[2019.12.15-19.46.54:903][  0]LogCook: Display: Max memory allowance for cook 16384mb min free memory 0mb
[2019.12.15-19.46.54:903][  0]LogCook: Display: Mobile HDR setting 1
[2019.12.15-19.46.55:040][  0]SourceControl: Source control is disabled
[2019.12.15-19.46.55:040][  0]Cmd: MAP LOAD FILE="../../../../../../travail/projets/unreal/UnrealFinalProject/Content/FirstPersonBP/Maps/FirstPersonExampleMap.umap" TEMPLATE=0 SHOWPROGRESS=1 FEATURELEVEL=3
[2019.12.15-19.46.55:044][  0]LightingResults: New page: Lighting Build
[2019.12.15-19.46.55:045][  0]LogWorld: UWorld::CleanupWorld for Untitled, bSessionEnded=true, bCleanupResources=true
[2019.12.15-19.46.55:046][  0]MapCheck: New page: Map Check
[2019.12.15-19.46.55:046][  0]LightingResults: New page: Lighting Build
[2019.12.15-19.46.55:073][  0]LogUObjectHash: Compacting FUObjectHashTables data took   1.35ms
[2019.12.15-19.47.01:933][  0]LogAIModule: Creating AISystem for world FirstPersonExampleMap
[2019.12.15-19.47.02:091][  0]LogEditorServer: Finished looking for orphan Actors (0.000 secs)
[2019.12.15-19.47.02:179][  0]LogUObjectHash: Compacting FUObjectHashTables data took   2.74ms
[2019.12.15-19.47.02:179][  0]Cmd: MAP CHECKDEP NOCLEARLOG
[2019.12.15-19.47.02:179][  0]MapCheck: Map check complete: 0 Error(s), 0 Warning(s), took 0,113ms to complete.
[2019.12.15-19.47.02:179][  0]LogFileHelpers: Loading map 'FirstPersonExampleMap' took 7.139
[2019.12.15-19.47.02:944][  0]LogSlate: Updating window title bar state: overlay mode, drag disabled, window buttons hidden, title bar hidden
[2019.12.15-19.47.02:960][  0]LogSlate: Updating window title bar state: overlay mode, drag disabled, window buttons hidden, title bar hidden
[2019.12.15-19.47.02:966][  0]LogSlate: Updating window title bar state: overlay mode, drag disabled, window buttons hidden, title bar hidden
[2019.12.15-19.47.02:972][  0]LogSlate: Updating window title bar state: overlay mode, drag disabled, window buttons hidden, title bar hidden
[2019.12.15-19.47.02:991][  0]LogCollectionManager: Loaded 0 collections in 0.000812 seconds
[2019.12.15-19.47.03:085][  0]LogFileCache: Scanning file cache for directory 'D:/travail/projets/unreal/UnrealFinalProject/Saved/Collections/' took 0.00s
[2019.12.15-19.47.03:085][  0]LogFileCache: Scanning file cache for directory 'D:/travail/projets/unreal/UnrealFinalProject/Content/Developers/antoi/Collections/' took 0.00s
[2019.12.15-19.47.03:085][  0]LogFileCache: Scanning file cache for directory 'D:/travail/projets/unreal/UnrealFinalProject/Content/Collections/' took 0.00s
[2019.12.15-19.47.03:085][  0]LogCollectionManager: Rebuilt the GUID cache for 0 collections in 0.000002 seconds
[2019.12.15-19.47.03:092][  0]LogContentBrowser: Native class hierarchy populated in 0.0072 seconds. Added 2863 classes and 680 folders.
[2019.12.15-19.47.03:150][  0]LogContentBrowser: Native class hierarchy updated for 'WidgetCarousel' in 0.0002 seconds. Added 0 classes and 0 folders.
[2019.12.15-19.47.05:400][  0]LogContentBrowser: Native class hierarchy updated for 'AddContentDialog' in 0.0002 seconds. Added 0 classes and 0 folders.
[2019.12.15-19.47.05:526][  0]LogContentBrowser: Native class hierarchy updated for 'SceneOutliner' in 0.0002 seconds. Added 1 classes and 2 folders.
[2019.12.15-19.47.11:829][  0]LogSlate: Only BGRA pngs, bmps or icos are supported in by External Image Picker
[2019.12.15-19.47.12:011][  0]LogSlate: Took 0.000208 seconds to synchronously load lazily loaded font '../../../Engine/Content/Slate/Fonts/Roboto-Regular.ttf' (155K)
[2019.12.15-19.47.12:022][  0]LogSlate: Took 0.000156 seconds to synchronously load lazily loaded font '../../../Engine/Content/Slate/Fonts/Roboto-Bold.ttf' (160K)
[2019.12.15-19.47.12:146][  0]LogSlate: Took 0.039672 seconds to synchronously load lazily loaded font '../../../Engine/Content/Editor/Slate/Fonts/FontAwesome.ttf' (139K)
[2019.12.15-19.47.12:764][  0]LogRenderer: Reallocating scene render targets to support 1128x572 Format 10 NumSamples 1 (Frame:1).
[2019.12.15-19.47.13:182][  0]LogContentBrowser: Native class hierarchy updated for 'HierarchicalLODOutliner' in 0.0002 seconds. Added 0 classes and 0 folders.
[2019.12.15-19.47.13:182][  0]LogLoad: (Engine Initialization) Total time: 25.92 seconds
[2019.12.15-19.47.13:182][  0]LogLoad: (Engine Initialization) Total Blueprint compile time: 0.00 seconds
[2019.12.15-19.47.13:264][  0]LogContentStreaming: Texture pool size now 1000 MB
[2019.12.15-19.47.13:446][  0]LogSlate: Took 0.114024 seconds to synchronously load lazily loaded font '../../../Engine/Content/Slate/Fonts/Roboto-Light.ttf' (167K)
[2019.12.15-19.47.14:211][ 59]LogSlate: Took 0.000209 seconds to synchronously load lazily loaded font '../../../Engine/Content/Slate/Fonts/Roboto-Light.ttf' (167K)
[2019.12.15-19.47.14:213][ 59]LogSlate: FSceneViewport::OnFocusLost() reason 5
[2019.12.15-19.47.14:218][ 59]LogAssetEditorManager: Opening Asset editor for Blueprint /Game/Prefabs/tourelle.tourelle
[2019.12.15-19.47.15:002][ 59]LogContentBrowser: Native class hierarchy updated for 'BlueprintGraph' in 0.0004 seconds. Added 121 classes and 0 folders.
[2019.12.15-19.47.16:995][ 59]LogAssetEditorManager: Opening Asset editor for Blueprint /Game/FirstPersonBP/Blueprints/TurrelProjectile.TurrelProjectile
[2019.12.15-19.47.17:341][ 59]LogAssetEditorManager: Opening Asset editor for Blueprint /Game/FirstPersonBP/Blueprints/FirstPersonCharacter.FirstPersonCharacter
[2019.12.15-19.47.17:833][ 59]LogSlate: Took 0.035871 seconds to synchronously load lazily loaded font '../../../Engine/Content/Slate/Fonts/Roboto-BoldCondensed.ttf' (158K)
[2019.12.15-19.47.37:675][274]LogAssetRegistry: Asset discovery search completed in 46.5699 seconds
[2019.12.15-19.47.37:678][274]LogCollectionManager: Rebuilt the object cache for 0 collections in 0.000005 seconds (found 0 objects)
[2019.12.15-19.47.37:678][274]LogCollectionManager: Fixed up redirectors for 0 collections in 0.000068 seconds (updated 0 objects)
[2019.12.15-19.48.45:997][387]LogTemp: Repeating last play command: Selected Viewport
[2019.12.15-19.48.46:053][387]LogBlueprintUserMessages: Early PlayInEditor Detection: Level '/Game/FirstPersonBP/Maps/FirstPersonExampleMap.FirstPersonExampleMap:PersistentLevel' has LevelScriptBlueprint '/Game/FirstPersonBP/Maps/FirstPersonExampleMap.FirstPersonExampleMap:PersistentLevel.FirstPersonExampleMap' with GeneratedClass '/Game/FirstPersonBP/Maps/FirstPersonExampleMap.FirstPersonExampleMap_C' with ClassGeneratedBy '/Game/FirstPersonBP/Maps/FirstPersonExampleMap.FirstPersonExampleMap:PersistentLevel.FirstPersonExampleMap'
[2019.12.15-19.48.46:053][387]LogPlayLevel: PlayLevel: No blueprints needed recompiling
[2019.12.15-19.48.46:071][387]PIE: New page: PIE session: FirstPersonExampleMap (15 déc. 2019 21:48:46)
[2019.12.15-19.48.46:072][387]LogOnline: OSS: Creating online subsystem instance for: NULL
[2019.12.15-19.48.46:087][387]LogPlayLevel: Creating play world package: /Game/FirstPersonBP/Maps/UEDPIE_0_FirstPersonExampleMap
[2019.12.15-19.48.46:104][387]LogPlayLevel: PIE: StaticDuplicateObject took: (0.017056s)
[2019.12.15-19.48.46:105][387]LogAIModule: Creating AISystem for world FirstPersonExampleMap
[2019.12.15-19.48.46:105][387]LogPlayLevel: PIE: World Init took: (0.001224s)
[2019.12.15-19.48.46:106][387]LogPlayLevel: PIE: Created PIE world by copying editor world from /Game/FirstPersonBP/Maps/FirstPersonExampleMap.FirstPersonExampleMap to /Game/FirstPersonBP/Maps/UEDPIE_0_FirstPersonExampleMap.FirstPersonExampleMap (0.018574s)
[2019.12.15-19.48.46:154][387]LogUObjectHash: Compacting FUObjectHashTables data took   4.06ms
[2019.12.15-19.48.46:229][387]LogInit: XAudio2 using 'Haut-parleurs (Realtek(R) Audio)' : 6 channels at 48 kHz using 32 bits per sample (channel mask 0x3f)
[2019.12.15-19.48.46:312][387]LogInit: FAudioDevice initialized.
[2019.12.15-19.48.46:334][387]LogSlate: Updating window title bar state: overlay mode, drag disabled, window buttons hidden, title bar hidden
[2019.12.15-19.48.46:335][387]LogLoad: Game class is 'FirstPersonGameMode_C'
[2019.12.15-19.48.46:349][387]LogWorld: Bringing World /Game/FirstPersonBP/Maps/UEDPIE_0_FirstPersonExampleMap.FirstPersonExampleMap up for play (max tick rate 0) at 2019.12.15-20.48.46
[2019.12.15-19.48.46:407][387]LogWorld: Bringing up level for play took: 0.060110
[2019.12.15-19.48.46:408][387]LogOnline: OSS: Creating online subsystem instance for: :Context_7
[2019.12.15-19.48.46:490][387]LogContentBrowser: Native class hierarchy updated for 'MovieSceneCapture' in 0.0005 seconds. Added 20 classes and 0 folders.
[2019.12.15-19.48.46:493][387]PIE: Play in editor start time for /Game/FirstPersonBP/Maps/UEDPIE_0_FirstPersonExampleMap -0,093
[2019.12.15-19.48.46:493][387]LogBlueprintUserMessages: Late PlayInEditor Detection: Level '/Game/FirstPersonBP/Maps/FirstPersonExampleMap.FirstPersonExampleMap:PersistentLevel' has LevelScriptBlueprint '/Game/FirstPersonBP/Maps/FirstPersonExampleMap.FirstPersonExampleMap:PersistentLevel.FirstPersonExampleMap' with GeneratedClass '/Game/FirstPersonBP/Maps/FirstPersonExampleMap.FirstPersonExampleMap_C' with ClassGeneratedBy '/Game/FirstPersonBP/Maps/FirstPersonExampleMap.FirstPersonExampleMap:PersistentLevel.FirstPersonExampleMap'
[2019.12.15-19.48.46:699][388]LogRenderer: Reallocating scene render targets to support 1280x720 Format 10 NumSamples 1 (Frame:1).
[2019.12.15-19.49.03:208][645]LogBlueprintUserMessages: Early EndPlayMap Detection: Level '/Game/FirstPersonBP/Maps/FirstPersonExampleMap.FirstPersonExampleMap:PersistentLevel' has LevelScriptBlueprint '/Game/FirstPersonBP/Maps/FirstPersonExampleMap.FirstPersonExampleMap:PersistentLevel.FirstPersonExampleMap' with GeneratedClass '/Game/FirstPersonBP/Maps/FirstPersonExampleMap.FirstPersonExampleMap_C' with ClassGeneratedBy '/Game/FirstPersonBP/Maps/FirstPersonExampleMap.FirstPersonExampleMap:PersistentLevel.FirstPersonExampleMap'
[2019.12.15-19.49.03:249][645]LogSlate: Updating window title bar state: overlay mode, drag disabled, window buttons hidden, title bar hidden
[2019.12.15-19.49.03:249][645]LogWorld: BeginTearingDown for /Game/FirstPersonBP/Maps/UEDPIE_0_FirstPersonExampleMap
[2019.12.15-19.49.03:264][645]LogSlate: Window 'UnrealFinalProject Game Preview Standalone (64-bit/PCD3D_SM5)' being destroyed
[2019.12.15-19.49.03:268][645]LogWorld: UWorld::CleanupWorld for FirstPersonExampleMap, bSessionEnded=true, bCleanupResources=true
[2019.12.15-19.49.03:293][645]LogPlayLevel: Display: Shutting down PIE online subsystems
[2019.12.15-19.49.03:293][645]LogBlueprintUserMessages: Late EndPlayMap Detection: Level '/Game/FirstPersonBP/Maps/FirstPersonExampleMap.FirstPersonExampleMap:PersistentLevel' has LevelScriptBlueprint '/Game/FirstPersonBP/Maps/FirstPersonExampleMap.FirstPersonExampleMap:PersistentLevel.FirstPersonExampleMap' with GeneratedClass '/Game/FirstPersonBP/Maps/FirstPersonExampleMap.FirstPersonExampleMap_C' with ClassGeneratedBy '/Game/FirstPersonBP/Maps/FirstPersonExampleMap.FirstPersonExampleMap:PersistentLevel.FirstPersonExampleMap'
[2019.12.15-19.49.03:370][645]LogUObjectHash: Compacting FUObjectHashTables data took   3.63ms
[2019.12.15-19.49.03:451][646]LogPlayLevel: Display: Destroying online subsystem :Context_7
[2019.12.15-19.53.27:374][770]LogSlate: FSceneViewport::OnFocusLost() reason 0
[2019.12.15-19.53.40:532][143]LogSlate: Took 0.016273 seconds to synchronously load lazily loaded font '../../../Engine/Content/Slate/Fonts/Roboto-Italic.ttf' (157K)
[2019.12.15-19.54.18:475][965]LogEditorTransaction: Undo Move Node
[2019.12.15-19.54.19:764][ 75]LogEditorTransaction: Undo Resize Node
[2019.12.15-19.54.20:326][120]LogEditorTransaction: Undo Resize Node
[2019.12.15-19.54.20:871][163]LogEditorTransaction: Undo Paste clipboard contents
[2019.12.15-19.56.03:630][ 35]LogSelectionDetails: Warning: NavigateToFunctionSource:  Unable to find symbols for 'ACharacter::Jump' [Le module spécifié est introuvable.]
[2019.12.15-19.57.33:989][224]LogUObjectHash: Compacting FUObjectHashTables data took   4.14ms
[2019.12.15-19.57.34:584][224]LogSavePackage: Moving '../../../../../../travail/projets/unreal/UnrealFinalProject/Saved/FirstPersonExampleMap_Auto1393879A34601AA873826579D1CABF782.tmp' to '../../../../../../travail/projets/unreal/UnrealFinalProject/Saved/Autosaves/Game/FirstPersonBP/Maps/FirstPersonExampleMap_Auto1.umap'
[2019.12.15-19.57.34:588][224]LogFileHelpers: Editor autosave (incl. sublevels) for '/Game/FirstPersonBP/Maps/FirstPersonExampleMap' took 0.640
[2019.12.15-19.57.34:588][224]LogFileHelpers: Editor autosave (incl. sublevels) for all levels took 0.640
[2019.12.15-19.57.34:590][224]OBJ SavePackage: Generating thumbnails for [1] asset(s) in package [/Game/FirstPersonBP/Blueprints/FirstPersonCharacter] ([1] browsable assets)...
[2019.12.15-19.57.34:599][224]OBJ SavePackage:     Rendered thumbnail for [Blueprint /Game/FirstPersonBP/Blueprints/FirstPersonCharacter.FirstPersonCharacter]
[2019.12.15-19.57.34:599][224]OBJ SavePackage: Finished generating thumbnails for package [/Game/FirstPersonBP/Blueprints/FirstPersonCharacter]
[2019.12.15-19.57.34:696][224]LogSavePackage: Moving '../../../../../../travail/projets/unreal/UnrealFinalProject/Saved/FirstPersonCharacter_Auto12FA8690243805725A84937A6B40427AB.tmp' to '../../../../../../travail/projets/unreal/UnrealFinalProject/Saved/Autosaves/Game/FirstPersonBP/Blueprints/FirstPersonCharacter_Auto1.uasset'
[2019.12.15-19.57.34:697][224]LogFileHelpers: Auto-saving content packages took 0.108
[2019.12.15-20.04.07:588][475]LogEditorTransaction: Undo Break Pin Links
[2019.12.15-20.09.13:340][758]LogUObjectHash: Compacting FUObjectHashTables data took   4.08ms
[2019.12.15-20.09.13:821][758]LogSavePackage: Moving '../../../../../../travail/projets/unreal/UnrealFinalProject/Saved/FirstPersonExampleMap_Auto25128F87742DAB65664209E888FE58EA9.tmp' to '../../../../../../travail/projets/unreal/UnrealFinalProject/Saved/Autosaves/Game/FirstPersonBP/Maps/FirstPersonExampleMap_Auto2.umap'
[2019.12.15-20.09.13:823][758]LogFileHelpers: Editor autosave (incl. sublevels) for '/Game/FirstPersonBP/Maps/FirstPersonExampleMap' took 0.523
[2019.12.15-20.09.13:823][758]LogFileHelpers: Editor autosave (incl. sublevels) for all levels took 0.523
[2019.12.15-20.09.13:825][758]OBJ SavePackage: Generating thumbnails for [1] asset(s) in package [/Game/FirstPersonBP/Blueprints/FirstPersonCharacter] ([1] browsable assets)...
[2019.12.15-20.09.13:837][758]OBJ SavePackage:     Rendered thumbnail for [Blueprint /Game/FirstPersonBP/Blueprints/FirstPersonCharacter.FirstPersonCharacter]
[2019.12.15-20.09.13:837][758]OBJ SavePackage: Finished generating thumbnails for package [/Game/FirstPersonBP/Blueprints/FirstPersonCharacter]
[2019.12.15-20.09.13:975][758]LogSavePackage: Moving '../../../../../../travail/projets/unreal/UnrealFinalProject/Saved/FirstPersonCharacter_Auto2643F7B4543002004E7152DA390AFEB32.tmp' to '../../../../../../travail/projets/unreal/UnrealFinalProject/Saved/Autosaves/Game/FirstPersonBP/Blueprints/FirstPersonCharacter_Auto2.uasset'
[2019.12.15-20.09.13:985][758]LogFileHelpers: Auto-saving content packages took 0.160
[2019.12.15-20.09.50:024][206]BlueprintLog: New page: Compile FirstPersonCharacter
[2019.12.15-20.09.50:270][206]LogUObjectHash: Compacting FUObjectHashTables data took   3.70ms
[2019.12.15-20.09.53:245][533]LogSlate: Took 0.044184 seconds to synchronously load lazily loaded font '../../../Engine/Content/Slate/Fonts/Roboto-BoldCondensedItalic.ttf' (160K)
[2019.12.15-20.09.56:679][757]LogSlate: Window 'Change Variable Type' being destroyed
[2019.12.15-20.10.02:140][351]LogSlate: Window 'Find in Blueprints' being destroyed
[2019.12.15-20.10.02:147][351]LogSlate: Window 'Find in Blueprints' being destroyed
[2019.12.15-20.10.14:896][839]BlueprintLog: New page: Compile FirstPersonCharacter
[2019.12.15-20.10.14:917][839]LogClass: Warning: Type mismatch in jumpCount of FirstPersonCharacter_C - Previous (BoolProperty) Current(IntProperty) for package:  FObjectReader
[2019.12.15-20.10.15:128][839]LogUObjectHash: Compacting FUObjectHashTables data took   3.74ms
[2019.12.15-20.10.18:963][278]BlueprintLog: New page: Compile FirstPersonCharacter
[2019.12.15-20.10.19:202][278]LogUObjectHash: Compacting FUObjectHashTables data took   3.67ms
[2019.12.15-20.10.21:090][484]LogTemp: Repeating last play command: Selected Viewport
[2019.12.15-20.10.21:112][484]LogBlueprintUserMessages: Early PlayInEditor Detection: Level '/Game/FirstPersonBP/Maps/FirstPersonExampleMap.FirstPersonExampleMap:PersistentLevel' has LevelScriptBlueprint '/Game/FirstPersonBP/Maps/FirstPersonExampleMap.FirstPersonExampleMap:PersistentLevel.FirstPersonExampleMap' with GeneratedClass '/Game/FirstPersonBP/Maps/FirstPersonExampleMap.FirstPersonExampleMap_C' with ClassGeneratedBy '/Game/FirstPersonBP/Maps/FirstPersonExampleMap.FirstPersonExampleMap:PersistentLevel.FirstPersonExampleMap'
[2019.12.15-20.10.21:113][484]LogPlayLevel: PlayLevel: No blueprints needed recompiling
[2019.12.15-20.10.21:113][484]PIE: New page: PIE session: FirstPersonExampleMap (15 déc. 2019 22:10:21)
[2019.12.15-20.10.21:113][484]LogPlayLevel: Creating play world package: /Game/FirstPersonBP/Maps/UEDPIE_0_FirstPersonExampleMap
[2019.12.15-20.10.21:125][484]LogPlayLevel: PIE: StaticDuplicateObject took: (0.012355s)
[2019.12.15-20.10.21:126][484]LogAIModule: Creating AISystem for world FirstPersonExampleMap
[2019.12.15-20.10.21:126][484]LogPlayLevel: PIE: World Init took: (0.000936s)
[2019.12.15-20.10.21:126][484]LogPlayLevel: PIE: Created PIE world by copying editor world from /Game/FirstPersonBP/Maps/FirstPersonExampleMap.FirstPersonExampleMap to /Game/FirstPersonBP/Maps/UEDPIE_0_FirstPersonExampleMap.FirstPersonExampleMap (0.013449s)
[2019.12.15-20.10.21:201][484]LogUObjectHash: Compacting FUObjectHashTables data took   3.55ms
[2019.12.15-20.10.21:235][484]LogInit: XAudio2 using 'Haut-parleurs (Realtek(R) Audio)' : 6 channels at 48 kHz using 32 bits per sample (channel mask 0x3f)
[2019.12.15-20.10.21:315][484]LogInit: FAudioDevice initialized.
[2019.12.15-20.10.21:326][484]LogLoad: Game class is 'FirstPersonGameMode_C'
[2019.12.15-20.10.21:328][484]LogWorld: Bringing World /Game/FirstPersonBP/Maps/UEDPIE_0_FirstPersonExampleMap.FirstPersonExampleMap up for play (max tick rate 0) at 2019.12.15-21.10.21
[2019.12.15-20.10.21:328][484]LogWorld: Bringing up level for play took: 0.001583
[2019.12.15-20.10.21:328][484]LogOnline: OSS: Creating online subsystem instance for: :Context_14
[2019.12.15-20.10.21:330][484]PIE: Play in editor start time for /Game/FirstPersonBP/Maps/UEDPIE_0_FirstPersonExampleMap 0,745
[2019.12.15-20.10.21:331][484]LogBlueprintUserMessages: Late PlayInEditor Detection: Level '/Game/FirstPersonBP/Maps/FirstPersonExampleMap.FirstPersonExampleMap:PersistentLevel' has LevelScriptBlueprint '/Game/FirstPersonBP/Maps/FirstPersonExampleMap.FirstPersonExampleMap:PersistentLevel.FirstPersonExampleMap' with GeneratedClass '/Game/FirstPersonBP/Maps/FirstPersonExampleMap.FirstPersonExampleMap_C' with ClassGeneratedBy '/Game/FirstPersonBP/Maps/FirstPersonExampleMap.FirstPersonExampleMap:PersistentLevel.FirstPersonExampleMap'
[2019.12.15-20.10.33:150][897]LogBlueprintUserMessages: Early EndPlayMap Detection: Level '/Game/FirstPersonBP/Maps/FirstPersonExampleMap.FirstPersonExampleMap:PersistentLevel' has LevelScriptBlueprint '/Game/FirstPersonBP/Maps/FirstPersonExampleMap.FirstPersonExampleMap:PersistentLevel.FirstPersonExampleMap' with GeneratedClass '/Game/FirstPersonBP/Maps/FirstPersonExampleMap.FirstPersonExampleMap_C' with ClassGeneratedBy '/Game/FirstPersonBP/Maps/FirstPersonExampleMap.FirstPersonExampleMap:PersistentLevel.FirstPersonExampleMap'
[2019.12.15-20.10.33:150][897]LogSlate: Updating window title bar state: overlay mode, drag disabled, window buttons hidden, title bar hidden
[2019.12.15-20.10.33:150][897]LogWorld: BeginTearingDown for /Game/FirstPersonBP/Maps/UEDPIE_0_FirstPersonExampleMap
[2019.12.15-20.10.33:150][897]LogWorld: UWorld::CleanupWorld for FirstPersonExampleMap, bSessionEnded=true, bCleanupResources=true
[2019.12.15-20.10.33:172][897]LogPlayLevel: Display: Shutting down PIE online subsystems
[2019.12.15-20.10.33:172][897]LogBlueprintUserMessages: Late EndPlayMap Detection: Level '/Game/FirstPersonBP/Maps/FirstPersonExampleMap.FirstPersonExampleMap:PersistentLevel' has LevelScriptBlueprint '/Game/FirstPersonBP/Maps/FirstPersonExampleMap.FirstPersonExampleMap:PersistentLevel.FirstPersonExampleMap' with GeneratedClass '/Game/FirstPersonBP/Maps/FirstPersonExampleMap.FirstPersonExampleMap_C' with ClassGeneratedBy '/Game/FirstPersonBP/Maps/FirstPersonExampleMap.FirstPersonExampleMap:PersistentLevel.FirstPersonExampleMap'
[2019.12.15-20.10.33:213][897]LogSlate: Updating window title bar state: overlay mode, drag disabled, window buttons hidden, title bar hidden
[2019.12.15-20.10.33:217][897]LogUObjectHash: Compacting FUObjectHashTables data took   2.66ms
[2019.12.15-20.10.33:254][899]LogPlayLevel: Display: Destroying online subsystem :Context_14
[2019.12.15-20.10.34:076][996]LogSlate: FSceneViewport::OnFocusLost() reason 0
[2019.12.15-20.10.45:301][299]LogTemp: Repeating last play command: Selected Viewport
[2019.12.15-20.10.45:325][299]LogBlueprintUserMessages: Early PlayInEditor Detection: Level '/Game/FirstPersonBP/Maps/FirstPersonExampleMap.FirstPersonExampleMap:PersistentLevel' has LevelScriptBlueprint '/Game/FirstPersonBP/Maps/FirstPersonExampleMap.FirstPersonExampleMap:PersistentLevel.FirstPersonExampleMap' with GeneratedClass '/Game/FirstPersonBP/Maps/FirstPersonExampleMap.FirstPersonExampleMap_C' with ClassGeneratedBy '/Game/FirstPersonBP/Maps/FirstPersonExampleMap.FirstPersonExampleMap:PersistentLevel.FirstPersonExampleMap'
[2019.12.15-20.10.45:325][299]BlueprintLog: New page: Pre-Play auto-recompile
[2019.12.15-20.10.45:331][299]LogPlayLevel: [PlayLevel] Compiling FirstPersonCharacter before play...
[2019.12.15-20.10.45:587][299]LogUObjectHash: Compacting FUObjectHashTables data took   3.89ms
[2019.12.15-20.10.45:587][299]LogPlayLevel: PlayLevel: Blueprint regeneration took 262 ms (1 blueprints)
[2019.12.15-20.10.45:587][299]PIE: New page: PIE session: FirstPersonExampleMap (15 déc. 2019 22:10:45)
[2019.12.15-20.10.45:587][299]LogPlayLevel: Creating play world package: /Game/FirstPersonBP/Maps/UEDPIE_0_FirstPersonExampleMap
[2019.12.15-20.10.45:600][299]LogPlayLevel: PIE: StaticDuplicateObject took: (0.012357s)
[2019.12.15-20.10.45:600][299]LogAIModule: Creating AISystem for world FirstPersonExampleMap
[2019.12.15-20.10.45:601][299]LogPlayLevel: PIE: World Init took: (0.000913s)
[2019.12.15-20.10.45:601][299]LogPlayLevel: PIE: Created PIE world by copying editor world from /Game/FirstPersonBP/Maps/FirstPersonExampleMap.FirstPersonExampleMap to /Game/FirstPersonBP/Maps/UEDPIE_0_FirstPersonExampleMap.FirstPersonExampleMap (0.013436s)
[2019.12.15-20.10.45:639][299]LogUObjectHash: Compacting FUObjectHashTables data took   3.18ms
[2019.12.15-20.10.45:678][299]LogInit: XAudio2 using 'Haut-parleurs (Realtek(R) Audio)' : 6 channels at 48 kHz using 32 bits per sample (channel mask 0x3f)
[2019.12.15-20.10.45:762][299]LogInit: FAudioDevice initialized.
[2019.12.15-20.10.45:773][299]LogLoad: Game class is 'FirstPersonGameMode_C'
[2019.12.15-20.10.45:775][299]LogWorld: Bringing World /Game/FirstPersonBP/Maps/UEDPIE_0_FirstPersonExampleMap.FirstPersonExampleMap up for play (max tick rate 0) at 2019.12.15-21.10.45
[2019.12.15-20.10.45:775][299]LogWorld: Bringing up level for play took: 0.001572
[2019.12.15-20.10.45:776][299]LogOnline: OSS: Creating online subsystem instance for: :Context_15
[2019.12.15-20.10.45:777][299]PIE: Play in editor start time for /Game/FirstPersonBP/Maps/UEDPIE_0_FirstPersonExampleMap 1,192
[2019.12.15-20.10.45:778][299]LogBlueprintUserMessages: Late PlayInEditor Detection: Level '/Game/FirstPersonBP/Maps/FirstPersonExampleMap.FirstPersonExampleMap:PersistentLevel' has LevelScriptBlueprint '/Game/FirstPersonBP/Maps/FirstPersonExampleMap.FirstPersonExampleMap:PersistentLevel.FirstPersonExampleMap' with GeneratedClass '/Game/FirstPersonBP/Maps/FirstPersonExampleMap.FirstPersonExampleMap_C' with ClassGeneratedBy '/Game/FirstPersonBP/Maps/FirstPersonExampleMap.FirstPersonExampleMap:PersistentLevel.FirstPersonExampleMap'
[2019.12.15-20.11.06:471][768]LogBlueprintUserMessages: Early EndPlayMap Detection: Level '/Game/FirstPersonBP/Maps/FirstPersonExampleMap.FirstPersonExampleMap:PersistentLevel' has LevelScriptBlueprint '/Game/FirstPersonBP/Maps/FirstPersonExampleMap.FirstPersonExampleMap:PersistentLevel.FirstPersonExampleMap' with GeneratedClass '/Game/FirstPersonBP/Maps/FirstPersonExampleMap.FirstPersonExampleMap_C' with ClassGeneratedBy '/Game/FirstPersonBP/Maps/FirstPersonExampleMap.FirstPersonExampleMap:PersistentLevel.FirstPersonExampleMap'
[2019.12.15-20.11.06:471][768]LogSlate: Updating window title bar state: overlay mode, drag disabled, window buttons hidden, title bar hidden
[2019.12.15-20.11.06:471][768]LogWorld: BeginTearingDown for /Game/FirstPersonBP/Maps/UEDPIE_0_FirstPersonExampleMap
[2019.12.15-20.11.06:472][768]LogWorld: UWorld::CleanupWorld for FirstPersonExampleMap, bSessionEnded=true, bCleanupResources=true
[2019.12.15-20.11.06:482][768]LogPlayLevel: Display: Shutting down PIE online subsystems
[2019.12.15-20.11.06:482][768]LogBlueprintUserMessages: Late EndPlayMap Detection: Level '/Game/FirstPersonBP/Maps/FirstPersonExampleMap.FirstPersonExampleMap:PersistentLevel' has LevelScriptBlueprint '/Game/FirstPersonBP/Maps/FirstPersonExampleMap.FirstPersonExampleMap:PersistentLevel.FirstPersonExampleMap' with GeneratedClass '/Game/FirstPersonBP/Maps/FirstPersonExampleMap.FirstPersonExampleMap_C' with ClassGeneratedBy '/Game/FirstPersonBP/Maps/FirstPersonExampleMap.FirstPersonExampleMap:PersistentLevel.FirstPersonExampleMap'
[2019.12.15-20.11.06:526][768]LogSlate: Updating window title bar state: overlay mode, drag disabled, window buttons hidden, title bar hidden
[2019.12.15-20.11.06:530][768]LogUObjectHash: Compacting FUObjectHashTables data took   2.89ms
[2019.12.15-20.11.06:575][771]LogPlayLevel: Display: Destroying online subsystem :Context_15
[2019.12.15-20.11.07:329][858]LogSlate: FSceneViewport::OnFocusLost() reason 0
[2019.12.15-20.11.12:891][501]LogTemp: Repeating last play command: Selected Viewport
[2019.12.15-20.11.12:915][501]LogBlueprintUserMessages: Early PlayInEditor Detection: Level '/Game/FirstPersonBP/Maps/FirstPersonExampleMap.FirstPersonExampleMap:PersistentLevel' has LevelScriptBlueprint '/Game/FirstPersonBP/Maps/FirstPersonExampleMap.FirstPersonExampleMap:PersistentLevel.FirstPersonExampleMap' with GeneratedClass '/Game/FirstPersonBP/Maps/FirstPersonExampleMap.FirstPersonExampleMap_C' with ClassGeneratedBy '/Game/FirstPersonBP/Maps/FirstPersonExampleMap.FirstPersonExampleMap:PersistentLevel.FirstPersonExampleMap'
[2019.12.15-20.11.12:915][501]LogPlayLevel: PlayLevel: No blueprints needed recompiling
[2019.12.15-20.11.12:915][501]PIE: New page: PIE session: FirstPersonExampleMap (15 déc. 2019 22:11:12)
[2019.12.15-20.11.12:915][501]LogPlayLevel: Creating play world package: /Game/FirstPersonBP/Maps/UEDPIE_0_FirstPersonExampleMap
[2019.12.15-20.11.12:927][501]LogPlayLevel: PIE: StaticDuplicateObject took: (0.011936s)
[2019.12.15-20.11.12:928][501]LogAIModule: Creating AISystem for world FirstPersonExampleMap
[2019.12.15-20.11.12:928][501]LogPlayLevel: PIE: World Init took: (0.000888s)
[2019.12.15-20.11.12:928][501]LogPlayLevel: PIE: Created PIE world by copying editor world from /Game/FirstPersonBP/Maps/FirstPersonExampleMap.FirstPersonExampleMap to /Game/FirstPersonBP/Maps/UEDPIE_0_FirstPersonExampleMap.FirstPersonExampleMap (0.012989s)
[2019.12.15-20.11.12:970][501]LogUObjectHash: Compacting FUObjectHashTables data took   3.76ms
[2019.12.15-20.11.13:013][501]LogInit: XAudio2 using 'Haut-parleurs (Realtek(R) Audio)' : 6 channels at 48 kHz using 32 bits per sample (channel mask 0x3f)
[2019.12.15-20.11.13:089][501]LogInit: FAudioDevice initialized.
[2019.12.15-20.11.13:097][501]LogLoad: Game class is 'FirstPersonGameMode_C'
[2019.12.15-20.11.13:099][501]LogWorld: Bringing World /Game/FirstPersonBP/Maps/UEDPIE_0_FirstPersonExampleMap.FirstPersonExampleMap up for play (max tick rate 0) at 2019.12.15-21.11.13
[2019.12.15-20.11.13:099][501]LogWorld: Bringing up level for play took: 0.001568
[2019.12.15-20.11.13:100][501]LogOnline: OSS: Creating online subsystem instance for: :Context_16
[2019.12.15-20.11.13:101][501]PIE: Play in editor start time for /Game/FirstPersonBP/Maps/UEDPIE_0_FirstPersonExampleMap 0,516
[2019.12.15-20.11.13:102][501]LogBlueprintUserMessages: Late PlayInEditor Detection: Level '/Game/FirstPersonBP/Maps/FirstPersonExampleMap.FirstPersonExampleMap:PersistentLevel' has LevelScriptBlueprint '/Game/FirstPersonBP/Maps/FirstPersonExampleMap.FirstPersonExampleMap:PersistentLevel.FirstPersonExampleMap' with GeneratedClass '/Game/FirstPersonBP/Maps/FirstPersonExampleMap.FirstPersonExampleMap_C' with ClassGeneratedBy '/Game/FirstPersonBP/Maps/FirstPersonExampleMap.FirstPersonExampleMap:PersistentLevel.FirstPersonExampleMap'
[2019.12.15-20.11.17:398][ 12]LogBlueprintUserMessages: Early EndPlayMap Detection: Level '/Game/FirstPersonBP/Maps/FirstPersonExampleMap.FirstPersonExampleMap:PersistentLevel' has LevelScriptBlueprint '/Game/FirstPersonBP/Maps/FirstPersonExampleMap.FirstPersonExampleMap:PersistentLevel.FirstPersonExampleMap' with GeneratedClass '/Game/FirstPersonBP/Maps/FirstPersonExampleMap.FirstPersonExampleMap_C' with ClassGeneratedBy '/Game/FirstPersonBP/Maps/FirstPersonExampleMap.FirstPersonExampleMap:PersistentLevel.FirstPersonExampleMap'
[2019.12.15-20.11.17:398][ 12]LogSlate: Updating window title bar state: overlay mode, drag disabled, window buttons hidden, title bar hidden
[2019.12.15-20.11.17:398][ 12]LogWorld: BeginTearingDown for /Game/FirstPersonBP/Maps/UEDPIE_0_FirstPersonExampleMap
[2019.12.15-20.11.17:398][ 12]LogWorld: UWorld::CleanupWorld for FirstPersonExampleMap, bSessionEnded=true, bCleanupResources=true
[2019.12.15-20.11.17:420][ 12]LogPlayLevel: Display: Shutting down PIE online subsystems
[2019.12.15-20.11.17:420][ 12]LogBlueprintUserMessages: Late EndPlayMap Detection: Level '/Game/FirstPersonBP/Maps/FirstPersonExampleMap.FirstPersonExampleMap:PersistentLevel' has LevelScriptBlueprint '/Game/FirstPersonBP/Maps/FirstPersonExampleMap.FirstPersonExampleMap:PersistentLevel.FirstPersonExampleMap' with GeneratedClass '/Game/FirstPersonBP/Maps/FirstPersonExampleMap.FirstPersonExampleMap_C' with ClassGeneratedBy '/Game/FirstPersonBP/Maps/FirstPersonExampleMap.FirstPersonExampleMap:PersistentLevel.FirstPersonExampleMap'
[2019.12.15-20.11.17:461][ 12]LogSlate: Updating window title bar state: overlay mode, drag disabled, window buttons hidden, title bar hidden
[2019.12.15-20.11.17:465][ 12]LogUObjectHash: Compacting FUObjectHashTables data took   2.49ms
[2019.12.15-20.11.17:500][ 14]LogPlayLevel: Display: Destroying online subsystem :Context_16
[2019.12.15-20.11.18:154][ 91]LogSlate: FSceneViewport::OnFocusLost() reason 0
[2019.12.15-20.11.24:492][799]LogEditorTransaction: Undo Delete current selection
[2019.12.15-20.11.42:200][821]BlueprintLog: New page: Compile FirstPersonCharacter
[2019.12.15-20.11.42:445][821]LogUObjectHash: Compacting FUObjectHashTables data took   3.68ms
